#
# A fatal error has been detected by the Java Runtime Environment:
#
#  SIGSEGV (0xb) at pc=0x00007f490ce5346a, pid=8369, tid=8394
#
# JRE version: OpenJDK Runtime Environment (16.0+36) (build 16+36-2231)
# Java VM: OpenJDK 64-Bit Server VM (16+36-2231, mixed mode, sharing, tiered, compressed oops, g1 gc, linux-amd64)
# Problematic frame:
# V  [libjvm.so+0x59646a]  Compile::remove_useless_nodes(Unique_Node_List&)+0x8a
#
# Core dump will be written. Default location: Core dumps may be processed with "/usr/share/apport/apport %p %s %c %d %P %E" (or dumping to /home/daneshvar/Desktop/PLC/Project/Jepeto/core.8369)
#
# If you would like to submit a bug report, please visit:
#   https://bugreport.java.com/bugreport/crash.jsp
#

---------------  S U M M A R Y ------------

Command Line: -javaagent:/home/daneshvar/idea-IC-211.6693.111/lib/idea_rt.jar=36859:/home/daneshvar/idea-IC-211.6693.111/bin -Dfile.encoding=UTF-8 org.antlr.v4.gui.TestRig main.grammar.Jepeto program -gui test.txt

Host: Intel(R) Core(TM) i7-8550U CPU @ 1.80GHz, 8 cores, 15G, Ubuntu 20.04.2 LTS
Time: Wed Apr 14 13:55:07 2021 +0430 elapsed time: 1.341644 seconds (0d 0h 0m 1s)

---------------  T H R E A D  ---------------

Current thread (0x00007f48b0190bb0):  JavaThread "C2 CompilerThread2" daemon [_thread_in_native, id=8394, stack(0x00007f48c684d000,0x00007f48c694e000)]


Current CompileTask:
C2:   1341 1215   !   4       sun.font.TrueTypeFont::init (499 bytes)

Stack: [0x00007f48c684d000,0x00007f48c694e000],  sp=0x00007f48c694b2d0,  free space=1016k
Native frames: (J=compiled Java code, A=aot compiled Java code, j=interpreted, Vv=VM code, C=native code)
V  [libjvm.so+0x59646a]  Compile::remove_useless_nodes(Unique_Node_List&)+0x8a
V  [libjvm.so+0x5a657b]  Compile::Compile(ciEnv*, ciMethod*, int, bool, bool, bool, bool, DirectiveSet*)+0x131b
V  [libjvm.so+0x4edd01]  C2Compiler::compile_method(ciEnv*, ciMethod*, int, bool, DirectiveSet*)+0x161
V  [libjvm.so+0x5af198]  CompileBroker::invoke_compiler_on_method(CompileTask*)+0xd98
V  [libjvm.so+0x5afd58]  CompileBroker::compiler_thread_loop()+0x4b8
V  [libjvm.so+0xd7c85b]  JavaThread::thread_main_inner()+0x11b
V  [libjvm.so+0xd8154d]  Thread::call_run()+0xfd
V  [libjvm.so+0xbd85e7]  thread_native_entry(Thread*)+0xe7


siginfo: si_signo: 11 (SIGSEGV), si_code: 2 (SEGV_ACCERR), si_addr: 0x00007f48a87fa0c0

Register to memory mapping:

RAX=0x000000000000000b is an unknown value
RBX=0x00007f48ac1a11b8 points into unknown readable memory: 0x00007f490da77e58 | 58 7e a7 0d 49 7f 00 00
RCX=0x00007f48a87fa098 is an unknown value
RDX=0x0000000000000004 is an unknown value
RSP=0x00007f48c694b2d0 is pointing into the stack for thread: 0x00007f48b0190bb0
RBP=0x00007f48c694b320 is pointing into the stack for thread: 0x00007f48b0190bb0
RSI=0x00007f48ac1a45c8 points into unknown readable memory: 0x00007f48a87fa098 | 98 a0 7f a8 48 7f 00 00
RDI=0x00007f48ac1a45a8 points into unknown readable memory: 0x00007f48ac1a23d8 | d8 23 1a ac 48 7f 00 00
R8 =0x000000000000000b is an unknown value
R9 =0x00000000000000fa is an unknown value
R10=0x00007f48ac2233f0 points into unknown readable memory: 0x7f604100b9c00feb | eb 0f c0 b9 00 41 60 7f
R11=0x0000000000000200 is an unknown value
R12=0x00007f48c694b540 is pointing into the stack for thread: 0x00007f48b0190bb0
R13=0x00007f48c694c030 is pointing into the stack for thread: 0x00007f48b0190bb0
R14=0x0000000000000001 is an unknown value
R15=0x000000000000069b is an unknown value


Registers:
RAX=0x000000000000000b, RBX=0x00007f48ac1a11b8, RCX=0x00007f48a87fa098, RDX=0x0000000000000004
RSP=0x00007f48c694b2d0, RBP=0x00007f48c694b320, RSI=0x00007f48ac1a45c8, RDI=0x00007f48ac1a45a8
R8 =0x000000000000000b, R9 =0x00000000000000fa, R10=0x00007f48ac2233f0, R11=0x0000000000000200
R12=0x00007f48c694b540, R13=0x00007f48c694c030, R14=0x0000000000000001, R15=0x000000000000069b
RIP=0x00007f490ce5346a, EFLAGS=0x0000000000010202, CSGSFS=0x002b000000000033, ERR=0x0000000000000004
  TRAPNO=0x000000000000000e

Top of Stack: (sp=0x00007f48c694b2d0)
0x00007f48c694b2d0:   00007f48c694b530 00007f48c694b560
0x00007f48c694b2e0:   00007f48c694b320 00007f490d4d9322
0x00007f48c694b2f0:   00007f48c694c030 00007f4908171230
0x00007f48c694b300:   00007f48c694b3a0 00007f48c694c030 

Instructions: (pc=0x00007f490ce5346a)
0x00007f490ce5336a:   83 c0 08 39 ca 7f df 83 ea 01 89 93 88 07 00 00
0x00007f490ce5337a:   e9 31 fd ff ff 90 39 c1 7e 45 48 98 48 8b 0c c6
0x00007f490ce5338a:   48 89 4c c6 f8 8d 42 01 8b 8b b8 01 00 00 48 63
0x00007f490ce5339a:   d0 48 c1 e2 03 39 c1 7e 26 0f 1f 44 00 00 48 8b
0x00007f490ce533aa:   8b c0 01 00 00 83 c0 01 48 8b 34 11 48 89 74 11
0x00007f490ce533ba:   f8 8b 8b b8 01 00 00 48 83 c2 08 39 c1 7f df 83
0x00007f490ce533ca:   e9 01 89 8b b8 01 00 00 e9 99 fb ff ff 90 0f 1f
0x00007f490ce533da:   84 00 00 00 00 00 55 48 89 e5 41 57 45 31 ff 41
0x00007f490ce533ea:   56 41 be 01 00 00 00 41 55 49 89 fd 41 54 49 89
0x00007f490ce533fa:   f4 53 48 83 ec 28 8b 46 18 85 c0 0f 84 9d 00 00
0x00007f490ce5340a:   00 0f 1f 44 00 00 49 8b 54 24 10 44 89 f8 41 83
0x00007f490ce5341a:   c7 01 48 8b 1c c2 8b 43 2c 83 e0 03 83 f8 03 0f
0x00007f490ce5342a:   84 d9 02 00 00 8b 43 20 41 89 c0 85 c0 7e 64 31
0x00007f490ce5343a:   d2 eb 1f 0f 1f 00 4d 8b 54 24 28 45 89 f3 41 d3
0x00007f490ce5344a:   e3 44 89 d9 43 23 0c 8a 74 27 83 c2 01 41 39 d0
0x00007f490ce5345a:   7e 38 48 8b 7b 10 48 63 ca 48 8d 34 cf 48 8b 0e
0x00007f490ce5346a:   8b 49 28 41 89 c9 41 c1 e9 05 45 3b 4c 24 20 72
0x00007f490ce5347a:   c5 83 e8 01 41 83 e8 01 89 43 20 48 8b 04 c7 48
0x00007f490ce5348a:   89 06 8b 43 20 41 39 d0 7f c8 83 f8 01 0f 84 f3
0x00007f490ce5349a:   01 00 00 45 39 7c 24 18 0f 87 68 ff ff ff 41 8b
0x00007f490ce534aa:   85 a0 01 00 00 41 b9 01 00 00 00 8d 50 ff 48 63
0x00007f490ce534ba:   f2 48 c1 e6 03 85 d2 78 5e 0f 1f 44 00 00 4d 8b
0x00007f490ce534ca:   85 a8 01 00 00 49 8d 3c 30 48 8b 07 8b 48 28 89
0x00007f490ce534da:   c8 c1 e8 05 41 3b 44 24 20 73 12 4d 8b 54 24 28
0x00007f490ce534ea:   44 89 cb d3 e3 89 d9 41 23 0c 82 75 1e 41 8b 85
0x00007f490ce534fa:   a0 01 00 00 83 e8 01 41 89 85 a0 01 00 00 39 c2
0x00007f490ce5350a:   7d 09 48 98 49 8b 04 c0 48 89 07 83 ea 01 48 83
0x00007f490ce5351a:   ee 08 83 fa ff 75 a7 41 8b 95 d0 01 00 00 83 ea
0x00007f490ce5352a:   01 78 6c 48 63 f2 41 b9 01 00 00 00 48 c1 e6 03
0x00007f490ce5353a:   66 0f 1f 44 00 00 4d 8b 85 d8 01 00 00 49 8d 3c
0x00007f490ce5354a:   30 48 8b 07 8b 48 28 89 c8 c1 e8 05 41 3b 44 24
0x00007f490ce5355a:   20 73 12 4d 8b 54 24 28 44 89 cb d3 e3 89 d9 41 


Stack slot to memory mapping:
stack at sp + 0 slots: 0x00007f48c694b530 is pointing into the stack for thread: 0x00007f48b0190bb0
stack at sp + 1 slots: 0x00007f48c694b560 is pointing into the stack for thread: 0x00007f48b0190bb0
stack at sp + 2 slots: 0x00007f48c694b320 is pointing into the stack for thread: 0x00007f48b0190bb0
stack at sp + 3 slots: 0x00007f490d4d9322: <offset 0x0000000000c1c322> in /home/daneshvar/.jdks/openjdk-16/lib/server/libjvm.so at 0x00007f490c8bd000
stack at sp + 4 slots: 0x00007f48c694c030 is pointing into the stack for thread: 0x00007f48b0190bb0
stack at sp + 5 slots: 0x00007f4908171230 points into unknown readable memory: 0x0000000000000000 | 00 00 00 00 00 00 00 00
stack at sp + 6 slots: 0x00007f48c694b3a0 is pointing into the stack for thread: 0x00007f48b0190bb0
stack at sp + 7 slots: 0x00007f48c694c030 is pointing into the stack for thread: 0x00007f48b0190bb0


---------------  P R O C E S S  ---------------

Threads class SMR info:
_java_thread_list=0x00007f48bc001f90, length=16, elements={
0x00007f49080244f0, 0x00007f4908176310, 0x00007f4908177890, 0x00007f490817d200,
0x00007f490817e750, 0x00007f490817fc70, 0x00007f4908181750, 0x00007f4908182db0,
0x00007f490818c340, 0x00007f4908198c90, 0x00007f48b00963f0, 0x00007f4908211250,
0x00007f4908212cf0, 0x00007f48b0190bb0, 0x00007f4908388010, 0x00007f48bc000e60
}

Java Threads: ( => current thread )
  0x00007f49080244f0 JavaThread "main" [_thread_in_native, id=8373, stack(0x00007f490c66d000,0x00007f490c76e000)]
  0x00007f4908176310 JavaThread "Reference Handler" daemon [_thread_blocked, id=8380, stack(0x00007f48e46ff000,0x00007f48e4800000)]
  0x00007f4908177890 JavaThread "Finalizer" daemon [_thread_blocked, id=8381, stack(0x00007f48e45fe000,0x00007f48e46ff000)]
  0x00007f490817d200 JavaThread "Signal Dispatcher" daemon [_thread_blocked, id=8383, stack(0x00007f48e44fd000,0x00007f48e45fe000)]
  0x00007f490817e750 JavaThread "Service Thread" daemon [_thread_blocked, id=8384, stack(0x00007f48e43fc000,0x00007f48e44fd000)]
  0x00007f490817fc70 JavaThread "Monitor Deflation Thread" daemon [_thread_blocked, id=8385, stack(0x00007f48e42fb000,0x00007f48e43fc000)]
  0x00007f4908181750 JavaThread "C2 CompilerThread0" daemon [_thread_in_native, id=8386, stack(0x00007f48e41fa000,0x00007f48e42fb000)]
  0x00007f4908182db0 JavaThread "C1 CompilerThread0" daemon [_thread_blocked, id=8387, stack(0x00007f48e40f9000,0x00007f48e41fa000)]
  0x00007f490818c340 JavaThread "Sweeper thread" daemon [_thread_blocked, id=8388, stack(0x00007f48c6e54000,0x00007f48c6f55000)]
  0x00007f4908198c90 JavaThread "Common-Cleaner" daemon [_thread_blocked, id=8389, stack(0x00007f48c6d53000,0x00007f48c6e54000)]
  0x00007f48b00963f0 JavaThread "C2 CompilerThread1" daemon [_thread_in_native, id=8390, stack(0x00007f48c6c52000,0x00007f48c6d53000)]
  0x00007f4908211250 JavaThread "Monitor Ctrl-Break" daemon [_thread_in_native, id=8391, stack(0x00007f48c6b51000,0x00007f48c6c52000)]
  0x00007f4908212cf0 JavaThread "Notification Thread" daemon [_thread_blocked, id=8392, stack(0x00007f48c6a50000,0x00007f48c6b51000)]
=>0x00007f48b0190bb0 JavaThread "C2 CompilerThread2" daemon [_thread_in_native, id=8394, stack(0x00007f48c684d000,0x00007f48c694e000)]
  0x00007f4908388010 JavaThread "Java2D Disposer" daemon [_thread_blocked, id=8395, stack(0x00007f48c5f03000,0x00007f48c6004000)]
  0x00007f48bc000e60 JavaThread "Attach Listener" daemon [_thread_blocked, id=8407, stack(0x00007f4883c22000,0x00007f4883d23000)]

Other Threads:
  0x00007f4908173c20 VMThread "VM Thread" [stack: 0x00007f48e50bb000,0x00007f48e51bb000] [id=8379]
  0x00007f4908214b70 WatcherThread [stack: 0x00007f48c6950000,0x00007f48c6a50000] [id=8393]
  0x00007f4908073930 GCTaskThread "GC Thread#0" [stack: 0x00007f48e7eea000,0x00007f48e7fea000] [id=8374]
  0x00007f48c8004ff0 GCTaskThread "GC Thread#1" [stack: 0x00007f4883b22000,0x00007f4883c22000] [id=8409]
  0x00007f48c8005bb0 GCTaskThread "GC Thread#2" [stack: 0x00007f4883a20000,0x00007f4883b20000] [id=8410]
  0x00007f48c8006770 GCTaskThread "GC Thread#3" [stack: 0x00007f488391e000,0x00007f4883a1e000] [id=8411]
  0x00007f48c8007330 GCTaskThread "GC Thread#4" [stack: 0x00007f488381c000,0x00007f488391c000] [id=8412]
  0x00007f48c8007ef0 GCTaskThread "GC Thread#5" [stack: 0x00007f488371a000,0x00007f488381a000] [id=8413]
  0x00007f49080848f0 ConcurrentGCThread "G1 Main Marker" [stack: 0x00007f48e7de8000,0x00007f48e7ee8000] [id=8375]
  0x00007f4908085980 ConcurrentGCThread "G1 Conc#0" [stack: 0x00007f48e7ce6000,0x00007f48e7de6000] [id=8376]
  0x00007f490813b680 ConcurrentGCThread "G1 Refine#0" [stack: 0x00007f48e53dc000,0x00007f48e54dc000] [id=8377]
  0x00007f490813c6a0 ConcurrentGCThread "G1 Service" [stack: 0x00007f48e52da000,0x00007f48e53da000] [id=8378]

Threads with active compile tasks:
C2 CompilerThread0     1349 1276 % !   4       sun.font.Type1Font::initNames @ 199 (411 bytes)
C2 CompilerThread1     1349 1211       4       sun.font.TrueTypeFont::initNames (482 bytes)
C2 CompilerThread2     1350 1215   !   4       sun.font.TrueTypeFont::init (499 bytes)

VM state: not at safepoint (normal execution)

VM Mutex/Monitor currently owned by a thread: None

Heap address: 0x0000000707a00000, size: 3974 MB, Compressed Oops mode: Zero based, Oop shift amount: 3
CDS archive(s) mapped at: [0x0000000800000000-0x0000000800bc4000-0x0000000800bc4000), size 12337152, SharedBaseAddress: 0x0000000800000000, ArchiveRelocationMode: 0.
Compressed class space mapped at: 0x0000000800c00000-0x0000000840c00000, reserved size: 1073741824
Narrow klass base: 0x0000000800000000, Narrow klass shift: 3, Narrow klass range: 0x100000000

GC Precious Log:
 CPUs: 8 total, 8 available
 Memory: 15891M
 Large Page Support: Disabled
 NUMA Support: Disabled
 Compressed Oops: Enabled (Zero based)
 Heap Region Size: 2M
 Heap Min Capacity: 8M
 Heap Initial Capacity: 250M
 Heap Max Capacity: 3974M
 Pre-touch: Disabled
 Parallel Workers: 8
 Concurrent Workers: 2
 Concurrent Refinement Workers: 8
 Periodic GC: Disabled

Heap:
 garbage-first heap   total 260096K, used 19845K [0x0000000707a00000, 0x0000000800000000)
  region size 2048K, 11 young (22528K), 2 survivors (4096K)
 Metaspace       used 6237K, committed 6464K, reserved 1056768K
  class space    used 595K, committed 704K, reserved 1048576K

Heap Regions: E=young(eden), S=young(survivor), O=old, HS=humongous(starts), HC=humongous(continues), CS=collection set, F=free, OA=open archive, CA=closed archive, TAMS=top-at-mark-start (previous, next)
|   0|0x0000000707a00000, 0x0000000707a00000, 0x0000000707c00000|  0%| F|  |TAMS 0x0000000707a00000, 0x0000000707a00000| Untracked 
|   1|0x0000000707c00000, 0x0000000707c00000, 0x0000000707e00000|  0%| F|  |TAMS 0x0000000707c00000, 0x0000000707c00000| Untracked 
|   2|0x0000000707e00000, 0x0000000707e00000, 0x0000000708000000|  0%| F|  |TAMS 0x0000000707e00000, 0x0000000707e00000| Untracked 
|   3|0x0000000708000000, 0x0000000708000000, 0x0000000708200000|  0%| F|  |TAMS 0x0000000708000000, 0x0000000708000000| Untracked 
|   4|0x0000000708200000, 0x0000000708200000, 0x0000000708400000|  0%| F|  |TAMS 0x0000000708200000, 0x0000000708200000| Untracked 
|   5|0x0000000708400000, 0x0000000708400000, 0x0000000708600000|  0%| F|  |TAMS 0x0000000708400000, 0x0000000708400000| Untracked 
|   6|0x0000000708600000, 0x0000000708600000, 0x0000000708800000|  0%| F|  |TAMS 0x0000000708600000, 0x0000000708600000| Untracked 
|   7|0x0000000708800000, 0x0000000708800000, 0x0000000708a00000|  0%| F|  |TAMS 0x0000000708800000, 0x0000000708800000| Untracked 
|   8|0x0000000708a00000, 0x0000000708a00000, 0x0000000708c00000|  0%| F|  |TAMS 0x0000000708a00000, 0x0000000708a00000| Untracked 
|   9|0x0000000708c00000, 0x0000000708c00000, 0x0000000708e00000|  0%| F|  |TAMS 0x0000000708c00000, 0x0000000708c00000| Untracked 
|  10|0x0000000708e00000, 0x0000000708e00000, 0x0000000709000000|  0%| F|  |TAMS 0x0000000708e00000, 0x0000000708e00000| Untracked 
|  11|0x0000000709000000, 0x0000000709000000, 0x0000000709200000|  0%| F|  |TAMS 0x0000000709000000, 0x0000000709000000| Untracked 
|  12|0x0000000709200000, 0x0000000709200000, 0x0000000709400000|  0%| F|  |TAMS 0x0000000709200000, 0x0000000709200000| Untracked 
|  13|0x0000000709400000, 0x0000000709400000, 0x0000000709600000|  0%| F|  |TAMS 0x0000000709400000, 0x0000000709400000| Untracked 
|  14|0x0000000709600000, 0x0000000709600000, 0x0000000709800000|  0%| F|  |TAMS 0x0000000709600000, 0x0000000709600000| Untracked 
|  15|0x0000000709800000, 0x0000000709800000, 0x0000000709a00000|  0%| F|  |TAMS 0x0000000709800000, 0x0000000709800000| Untracked 
|  16|0x0000000709a00000, 0x0000000709a00000, 0x0000000709c00000|  0%| F|  |TAMS 0x0000000709a00000, 0x0000000709a00000| Untracked 
|  17|0x0000000709c00000, 0x0000000709c00000, 0x0000000709e00000|  0%| F|  |TAMS 0x0000000709c00000, 0x0000000709c00000| Untracked 
|  18|0x0000000709e00000, 0x0000000709e00000, 0x000000070a000000|  0%| F|  |TAMS 0x0000000709e00000, 0x0000000709e00000| Untracked 
|  19|0x000000070a000000, 0x000000070a000000, 0x000000070a200000|  0%| F|  |TAMS 0x000000070a000000, 0x000000070a000000| Untracked 
|  20|0x000000070a200000, 0x000000070a200000, 0x000000070a400000|  0%| F|  |TAMS 0x000000070a200000, 0x000000070a200000| Untracked 
|  21|0x000000070a400000, 0x000000070a400000, 0x000000070a600000|  0%| F|  |TAMS 0x000000070a400000, 0x000000070a400000| Untracked 
|  22|0x000000070a600000, 0x000000070a600000, 0x000000070a800000|  0%| F|  |TAMS 0x000000070a600000, 0x000000070a600000| Untracked 
|  23|0x000000070a800000, 0x000000070a800000, 0x000000070aa00000|  0%| F|  |TAMS 0x000000070a800000, 0x000000070a800000| Untracked 
|  24|0x000000070aa00000, 0x000000070aa00000, 0x000000070ac00000|  0%| F|  |TAMS 0x000000070aa00000, 0x000000070aa00000| Untracked 
|  25|0x000000070ac00000, 0x000000070ac00000, 0x000000070ae00000|  0%| F|  |TAMS 0x000000070ac00000, 0x000000070ac00000| Untracked 
|  26|0x000000070ae00000, 0x000000070ae00000, 0x000000070b000000|  0%| F|  |TAMS 0x000000070ae00000, 0x000000070ae00000| Untracked 
|  27|0x000000070b000000, 0x000000070b000000, 0x000000070b200000|  0%| F|  |TAMS 0x000000070b000000, 0x000000070b000000| Untracked 
|  28|0x000000070b200000, 0x000000070b200000, 0x000000070b400000|  0%| F|  |TAMS 0x000000070b200000, 0x000000070b200000| Untracked 
|  29|0x000000070b400000, 0x000000070b400000, 0x000000070b600000|  0%| F|  |TAMS 0x000000070b400000, 0x000000070b400000| Untracked 
|  30|0x000000070b600000, 0x000000070b600000, 0x000000070b800000|  0%| F|  |TAMS 0x000000070b600000, 0x000000070b600000| Untracked 
|  31|0x000000070b800000, 0x000000070b800000, 0x000000070ba00000|  0%| F|  |TAMS 0x000000070b800000, 0x000000070b800000| Untracked 
|  32|0x000000070ba00000, 0x000000070ba00000, 0x000000070bc00000|  0%| F|  |TAMS 0x000000070ba00000, 0x000000070ba00000| Untracked 
|  33|0x000000070bc00000, 0x000000070bc00000, 0x000000070be00000|  0%| F|  |TAMS 0x000000070bc00000, 0x000000070bc00000| Untracked 
|  34|0x000000070be00000, 0x000000070be00000, 0x000000070c000000|  0%| F|  |TAMS 0x000000070be00000, 0x000000070be00000| Untracked 
|  35|0x000000070c000000, 0x000000070c000000, 0x000000070c200000|  0%| F|  |TAMS 0x000000070c000000, 0x000000070c000000| Untracked 
|  36|0x000000070c200000, 0x000000070c200000, 0x000000070c400000|  0%| F|  |TAMS 0x000000070c200000, 0x000000070c200000| Untracked 
|  37|0x000000070c400000, 0x000000070c400000, 0x000000070c600000|  0%| F|  |TAMS 0x000000070c400000, 0x000000070c400000| Untracked 
|  38|0x000000070c600000, 0x000000070c600000, 0x000000070c800000|  0%| F|  |TAMS 0x000000070c600000, 0x000000070c600000| Untracked 
|  39|0x000000070c800000, 0x000000070c800000, 0x000000070ca00000|  0%| F|  |TAMS 0x000000070c800000, 0x000000070c800000| Untracked 
|  40|0x000000070ca00000, 0x000000070ca00000, 0x000000070cc00000|  0%| F|  |TAMS 0x000000070ca00000, 0x000000070ca00000| Untracked 
|  41|0x000000070cc00000, 0x000000070cc00000, 0x000000070ce00000|  0%| F|  |TAMS 0x000000070cc00000, 0x000000070cc00000| Untracked 
|  42|0x000000070ce00000, 0x000000070ce00000, 0x000000070d000000|  0%| F|  |TAMS 0x000000070ce00000, 0x000000070ce00000| Untracked 
|  43|0x000000070d000000, 0x000000070d000000, 0x000000070d200000|  0%| F|  |TAMS 0x000000070d000000, 0x000000070d000000| Untracked 
|  44|0x000000070d200000, 0x000000070d200000, 0x000000070d400000|  0%| F|  |TAMS 0x000000070d200000, 0x000000070d200000| Untracked 
|  45|0x000000070d400000, 0x000000070d400000, 0x000000070d600000|  0%| F|  |TAMS 0x000000070d400000, 0x000000070d400000| Untracked 
|  46|0x000000070d600000, 0x000000070d600000, 0x000000070d800000|  0%| F|  |TAMS 0x000000070d600000, 0x000000070d600000| Untracked 
|  47|0x000000070d800000, 0x000000070d800000, 0x000000070da00000|  0%| F|  |TAMS 0x000000070d800000, 0x000000070d800000| Untracked 
|  48|0x000000070da00000, 0x000000070da00000, 0x000000070dc00000|  0%| F|  |TAMS 0x000000070da00000, 0x000000070da00000| Untracked 
|  49|0x000000070dc00000, 0x000000070dc00000, 0x000000070de00000|  0%| F|  |TAMS 0x000000070dc00000, 0x000000070dc00000| Untracked 
|  50|0x000000070de00000, 0x000000070de00000, 0x000000070e000000|  0%| F|  |TAMS 0x000000070de00000, 0x000000070de00000| Untracked 
|  51|0x000000070e000000, 0x000000070e000000, 0x000000070e200000|  0%| F|  |TAMS 0x000000070e000000, 0x000000070e000000| Untracked 
|  52|0x000000070e200000, 0x000000070e200000, 0x000000070e400000|  0%| F|  |TAMS 0x000000070e200000, 0x000000070e200000| Untracked 
|  53|0x000000070e400000, 0x000000070e400000, 0x000000070e600000|  0%| F|  |TAMS 0x000000070e400000, 0x000000070e400000| Untracked 
|  54|0x000000070e600000, 0x000000070e600000, 0x000000070e800000|  0%| F|  |TAMS 0x000000070e600000, 0x000000070e600000| Untracked 
|  55|0x000000070e800000, 0x000000070e800000, 0x000000070ea00000|  0%| F|  |TAMS 0x000000070e800000, 0x000000070e800000| Untracked 
|  56|0x000000070ea00000, 0x000000070ea00000, 0x000000070ec00000|  0%| F|  |TAMS 0x000000070ea00000, 0x000000070ea00000| Untracked 
|  57|0x000000070ec00000, 0x000000070ec00000, 0x000000070ee00000|  0%| F|  |TAMS 0x000000070ec00000, 0x000000070ec00000| Untracked 
|  58|0x000000070ee00000, 0x000000070ee00000, 0x000000070f000000|  0%| F|  |TAMS 0x000000070ee00000, 0x000000070ee00000| Untracked 
|  59|0x000000070f000000, 0x000000070f000000, 0x000000070f200000|  0%| F|  |TAMS 0x000000070f000000, 0x000000070f000000| Untracked 
|  60|0x000000070f200000, 0x000000070f200000, 0x000000070f400000|  0%| F|  |TAMS 0x000000070f200000, 0x000000070f200000| Untracked 
|  61|0x000000070f400000, 0x000000070f400000, 0x000000070f600000|  0%| F|  |TAMS 0x000000070f400000, 0x000000070f400000| Untracked 
|  62|0x000000070f600000, 0x000000070f600000, 0x000000070f800000|  0%| F|  |TAMS 0x000000070f600000, 0x000000070f600000| Untracked 
|  63|0x000000070f800000, 0x000000070f800000, 0x000000070fa00000|  0%| F|  |TAMS 0x000000070f800000, 0x000000070f800000| Untracked 
|  64|0x000000070fa00000, 0x000000070fa00000, 0x000000070fc00000|  0%| F|  |TAMS 0x000000070fa00000, 0x000000070fa00000| Untracked 
|  65|0x000000070fc00000, 0x000000070fc00000, 0x000000070fe00000|  0%| F|  |TAMS 0x000000070fc00000, 0x000000070fc00000| Untracked 
|  66|0x000000070fe00000, 0x000000070fe00000, 0x0000000710000000|  0%| F|  |TAMS 0x000000070fe00000, 0x000000070fe00000| Untracked 
|  67|0x0000000710000000, 0x0000000710000000, 0x0000000710200000|  0%| F|  |TAMS 0x0000000710000000, 0x0000000710000000| Untracked 
|  68|0x0000000710200000, 0x0000000710200000, 0x0000000710400000|  0%| F|  |TAMS 0x0000000710200000, 0x0000000710200000| Untracked 
|  69|0x0000000710400000, 0x0000000710400000, 0x0000000710600000|  0%| F|  |TAMS 0x0000000710400000, 0x0000000710400000| Untracked 
|  70|0x0000000710600000, 0x0000000710600000, 0x0000000710800000|  0%| F|  |TAMS 0x0000000710600000, 0x0000000710600000| Untracked 
|  71|0x0000000710800000, 0x0000000710800000, 0x0000000710a00000|  0%| F|  |TAMS 0x0000000710800000, 0x0000000710800000| Untracked 
|  72|0x0000000710a00000, 0x0000000710a00000, 0x0000000710c00000|  0%| F|  |TAMS 0x0000000710a00000, 0x0000000710a00000| Untracked 
|  73|0x0000000710c00000, 0x0000000710c00000, 0x0000000710e00000|  0%| F|  |TAMS 0x0000000710c00000, 0x0000000710c00000| Untracked 
|  74|0x0000000710e00000, 0x0000000710e00000, 0x0000000711000000|  0%| F|  |TAMS 0x0000000710e00000, 0x0000000710e00000| Untracked 
|  75|0x0000000711000000, 0x0000000711000000, 0x0000000711200000|  0%| F|  |TAMS 0x0000000711000000, 0x0000000711000000| Untracked 
|  76|0x0000000711200000, 0x0000000711200000, 0x0000000711400000|  0%| F|  |TAMS 0x0000000711200000, 0x0000000711200000| Untracked 
|  77|0x0000000711400000, 0x0000000711400000, 0x0000000711600000|  0%| F|  |TAMS 0x0000000711400000, 0x0000000711400000| Untracked 
|  78|0x0000000711600000, 0x0000000711600000, 0x0000000711800000|  0%| F|  |TAMS 0x0000000711600000, 0x0000000711600000| Untracked 
|  79|0x0000000711800000, 0x0000000711800000, 0x0000000711a00000|  0%| F|  |TAMS 0x0000000711800000, 0x0000000711800000| Untracked 
|  80|0x0000000711a00000, 0x0000000711a00000, 0x0000000711c00000|  0%| F|  |TAMS 0x0000000711a00000, 0x0000000711a00000| Untracked 
|  81|0x0000000711c00000, 0x0000000711c00000, 0x0000000711e00000|  0%| F|  |TAMS 0x0000000711c00000, 0x0000000711c00000| Untracked 
|  82|0x0000000711e00000, 0x0000000711e00000, 0x0000000712000000|  0%| F|  |TAMS 0x0000000711e00000, 0x0000000711e00000| Untracked 
|  83|0x0000000712000000, 0x0000000712000000, 0x0000000712200000|  0%| F|  |TAMS 0x0000000712000000, 0x0000000712000000| Untracked 
|  84|0x0000000712200000, 0x0000000712200000, 0x0000000712400000|  0%| F|  |TAMS 0x0000000712200000, 0x0000000712200000| Untracked 
|  85|0x0000000712400000, 0x0000000712400000, 0x0000000712600000|  0%| F|  |TAMS 0x0000000712400000, 0x0000000712400000| Untracked 
|  86|0x0000000712600000, 0x0000000712600000, 0x0000000712800000|  0%| F|  |TAMS 0x0000000712600000, 0x0000000712600000| Untracked 
|  87|0x0000000712800000, 0x0000000712800000, 0x0000000712a00000|  0%| F|  |TAMS 0x0000000712800000, 0x0000000712800000| Untracked 
|  88|0x0000000712a00000, 0x0000000712a00000, 0x0000000712c00000|  0%| F|  |TAMS 0x0000000712a00000, 0x0000000712a00000| Untracked 
|  89|0x0000000712c00000, 0x0000000712c00000, 0x0000000712e00000|  0%| F|  |TAMS 0x0000000712c00000, 0x0000000712c00000| Untracked 
|  90|0x0000000712e00000, 0x0000000712e00000, 0x0000000713000000|  0%| F|  |TAMS 0x0000000712e00000, 0x0000000712e00000| Untracked 
|  91|0x0000000713000000, 0x0000000713000000, 0x0000000713200000|  0%| F|  |TAMS 0x0000000713000000, 0x0000000713000000| Untracked 
|  92|0x0000000713200000, 0x0000000713200000, 0x0000000713400000|  0%| F|  |TAMS 0x0000000713200000, 0x0000000713200000| Untracked 
|  93|0x0000000713400000, 0x0000000713400000, 0x0000000713600000|  0%| F|  |TAMS 0x0000000713400000, 0x0000000713400000| Untracked 
|  94|0x0000000713600000, 0x0000000713600000, 0x0000000713800000|  0%| F|  |TAMS 0x0000000713600000, 0x0000000713600000| Untracked 
|  95|0x0000000713800000, 0x0000000713800000, 0x0000000713a00000|  0%| F|  |TAMS 0x0000000713800000, 0x0000000713800000| Untracked 
|  96|0x0000000713a00000, 0x0000000713a00000, 0x0000000713c00000|  0%| F|  |TAMS 0x0000000713a00000, 0x0000000713a00000| Untracked 
|  97|0x0000000713c00000, 0x0000000713c00000, 0x0000000713e00000|  0%| F|  |TAMS 0x0000000713c00000, 0x0000000713c00000| Untracked 
|  98|0x0000000713e00000, 0x0000000713e00000, 0x0000000714000000|  0%| F|  |TAMS 0x0000000713e00000, 0x0000000713e00000| Untracked 
|  99|0x0000000714000000, 0x0000000714000000, 0x0000000714200000|  0%| F|  |TAMS 0x0000000714000000, 0x0000000714000000| Untracked 
| 100|0x0000000714200000, 0x0000000714200000, 0x0000000714400000|  0%| F|  |TAMS 0x0000000714200000, 0x0000000714200000| Untracked 
| 101|0x0000000714400000, 0x0000000714400000, 0x0000000714600000|  0%| F|  |TAMS 0x0000000714400000, 0x0000000714400000| Untracked 
| 102|0x0000000714600000, 0x0000000714600000, 0x0000000714800000|  0%| F|  |TAMS 0x0000000714600000, 0x0000000714600000| Untracked 
| 103|0x0000000714800000, 0x0000000714800000, 0x0000000714a00000|  0%| F|  |TAMS 0x0000000714800000, 0x0000000714800000| Untracked 
| 104|0x0000000714a00000, 0x0000000714a00000, 0x0000000714c00000|  0%| F|  |TAMS 0x0000000714a00000, 0x0000000714a00000| Untracked 
| 105|0x0000000714c00000, 0x0000000714c00000, 0x0000000714e00000|  0%| F|  |TAMS 0x0000000714c00000, 0x0000000714c00000| Untracked 
| 106|0x0000000714e00000, 0x0000000714e00000, 0x0000000715000000|  0%| F|  |TAMS 0x0000000714e00000, 0x0000000714e00000| Untracked 
| 107|0x0000000715000000, 0x0000000715000000, 0x0000000715200000|  0%| F|  |TAMS 0x0000000715000000, 0x0000000715000000| Untracked 
| 108|0x0000000715200000, 0x0000000715200000, 0x0000000715400000|  0%| F|  |TAMS 0x0000000715200000, 0x0000000715200000| Untracked 
| 109|0x0000000715400000, 0x0000000715400000, 0x0000000715600000|  0%| F|  |TAMS 0x0000000715400000, 0x0000000715400000| Untracked 
| 110|0x0000000715600000, 0x0000000715600000, 0x0000000715800000|  0%| F|  |TAMS 0x0000000715600000, 0x0000000715600000| Untracked 
| 111|0x0000000715800000, 0x0000000715800000, 0x0000000715a00000|  0%| F|  |TAMS 0x0000000715800000, 0x0000000715800000| Untracked 
| 112|0x0000000715a00000, 0x0000000715b6c410, 0x0000000715c00000| 71%| S|CS|TAMS 0x0000000715a00000, 0x0000000715a00000| Complete 
| 113|0x0000000715c00000, 0x0000000715e00000, 0x0000000715e00000|100%| S|CS|TAMS 0x0000000715c00000, 0x0000000715c00000| Complete 
| 114|0x0000000715e00000, 0x0000000715e00000, 0x0000000716000000|  0%| F|  |TAMS 0x0000000715e00000, 0x0000000715e00000| Untracked 
| 115|0x0000000716000000, 0x0000000716000000, 0x0000000716200000|  0%| F|  |TAMS 0x0000000716000000, 0x0000000716000000| Untracked 
| 116|0x0000000716200000, 0x0000000716394bd8, 0x0000000716400000| 79%| E|  |TAMS 0x0000000716200000, 0x0000000716200000| Complete 
| 117|0x0000000716400000, 0x0000000716600000, 0x0000000716600000|100%| E|CS|TAMS 0x0000000716400000, 0x0000000716400000| Complete 
| 118|0x0000000716600000, 0x0000000716800000, 0x0000000716800000|100%| E|CS|TAMS 0x0000000716600000, 0x0000000716600000| Complete 
| 119|0x0000000716800000, 0x0000000716a00000, 0x0000000716a00000|100%| E|CS|TAMS 0x0000000716800000, 0x0000000716800000| Complete 
| 120|0x0000000716a00000, 0x0000000716bf5450, 0x0000000716c00000| 97%| E|  |TAMS 0x0000000716a00000, 0x0000000716a00000| Complete 
| 121|0x0000000716c00000, 0x0000000716e00000, 0x0000000716e00000|100%| E|CS|TAMS 0x0000000716c00000, 0x0000000716c00000| Complete 
| 122|0x0000000716e00000, 0x0000000717000000, 0x0000000717000000|100%| E|CS|TAMS 0x0000000716e00000, 0x0000000716e00000| Complete 
| 123|0x0000000717000000, 0x0000000717200000, 0x0000000717200000|100%| E|CS|TAMS 0x0000000717000000, 0x0000000717000000| Complete 
| 124|0x0000000717200000, 0x0000000717400000, 0x0000000717400000|100%| E|CS|TAMS 0x0000000717200000, 0x0000000717200000| Complete 
|1985|0x00000007ffc00000, 0x00000007ffd75000, 0x00000007ffe00000| 72%|OA|  |TAMS 0x00000007ffc00000, 0x00000007ffc00000| Untracked 
|1986|0x00000007ffe00000, 0x00000007ffe80000, 0x0000000800000000| 25%|CA|  |TAMS 0x00000007ffe00000, 0x00000007ffe00000| Untracked 

Card table byte_map: [0x00007f48f045e000,0x00007f48f0c21000] _byte_map_base: 0x00007f48ecc21000

Marking Bits (Prev, Next): (CMBitMap*) 0x00007f49080744e0, (CMBitMap*) 0x00007f4908074520
 Prev Bits: [0x00007f48ebe83000, 0x00007f48efc9b000)
 Next Bits: [0x00007f48e806b000, 0x00007f48ebe83000)

Polling page: 0x00007f490dd6f000

Metaspace:

Usage:
  Non-class:      5.51 MB used.
      Class:    595.53 KB used.
       Both:      6.09 MB used.

Virtual space:
  Non-class space:        8.00 MB reserved,       5.62 MB ( 70%) committed,  1 nodes.
      Class space:        1.00 GB reserved,     704.00 KB ( <1%) committed,  1 nodes.
              Both:        1.01 GB reserved,       6.31 MB ( <1%) committed. 

Chunk freelists:
   Non-Class:  2.43 MB
       Class:  3.23 MB
        Both:  5.66 MB

MaxMetaspaceSize: 17179869184.00 GB
CompressedClassSpaceSize: 1.00 GB
 - commit_granule_bytes: 65536.
 - commit_granule_words: 8192.
 - virtual_space_node_default_size: 1048576.
 - enlarge_chunks_in_place: 1.
 - new_chunks_are_fully_committed: 0.
 - uncommit_free_chunks: 1.
 - use_allocation_guard: 0.
 - handle_deallocations: 1.


Internal statistics:

num_allocs_failed_limit: 0.
num_arena_births: 110.
num_arena_deaths: 0.
num_vsnodes_births: 2.
num_vsnodes_deaths: 0.
num_space_committed: 101.
num_space_uncommitted: 0.
num_chunks_returned_to_freelist: 0.
num_chunks_taken_from_freelist: 195.
num_chunk_merges: 0.
num_chunk_splits: 123.
num_chunks_enlarged: 69.
num_purges: 0.

CodeHeap 'non-profiled nmethods': size=120028Kb used=619Kb max_used=619Kb free=119408Kb
 bounds [0x00007f48f92b1000, 0x00007f48f9521000, 0x00007f49007e8000]
CodeHeap 'profiled nmethods': size=120028Kb used=2025Kb max_used=2025Kb free=118003Kb
 bounds [0x00007f48f1d7a000, 0x00007f48f1fea000, 0x00007f48f92b1000]
CodeHeap 'non-nmethods': size=5704Kb used=1256Kb max_used=1406Kb free=4447Kb
 bounds [0x00007f48f17e8000, 0x00007f48f1a58000, 0x00007f48f1d7a000]
 total_blobs=1836 nmethods=1260 adapters=490
 compilation: enabled
              stopped_count=0, restarted_count=0
 full_count=0

Compilation events (20 events):
Event: 1.200 Thread 0x00007f4908182db0 nmethod 1250 0x00007f48f1f60410 code [0x00007f48f1f60600, 0x00007f48f1f60c20]
Event: 1.200 Thread 0x00007f4908182db0 1251   !   3       sun.font.Type1Font::nextTokenType (54 bytes)
Event: 1.200 Thread 0x00007f4908182db0 nmethod 1251 0x00007f48f1f60e10 code [0x00007f48f1f61000, 0x00007f48f1f61480]
Event: 1.200 Thread 0x00007f4908182db0 1248       3       java.util.StringTokenizer::hasMoreTokens (29 bytes)
Event: 1.200 Thread 0x00007f4908182db0 nmethod 1248 0x00007f48f1f61690 code [0x00007f48f1f61840, 0x00007f48f1f619e0]
Event: 1.200 Thread 0x00007f4908182db0 1249       3       java.util.StringTokenizer::nextToken (92 bytes)
Event: 1.201 Thread 0x00007f4908182db0 nmethod 1249 0x00007f48f1f61a90 code [0x00007f48f1f61c80, 0x00007f48f1f61ff0]
Event: 1.201 Thread 0x00007f4908182db0 1243       3       jdk.internal.org.objectweb.asm.SymbolTable::addConstantMemberReference (147 bytes)
Event: 1.201 Thread 0x00007f4908182db0 nmethod 1243 0x00007f48f1f62190 code [0x00007f48f1f62420, 0x00007f48f1f62d00]
Event: 1.202 Thread 0x00007f4908182db0 1255       3       java.nio.Buffer::checkIndex (22 bytes)
Event: 1.202 Thread 0x00007f4908182db0 nmethod 1255 0x00007f48f1f63210 code [0x00007f48f1f633c0, 0x00007f48f1f63620]
Event: 1.202 Thread 0x00007f4908182db0 1241   !   3       java.util.concurrent.ConcurrentHashMap::replaceNode (437 bytes)
Event: 1.204 Thread 0x00007f4908182db0 nmethod 1241 0x00007f48f1f63710 code [0x00007f48f1f63a80, 0x00007f48f1f653b0]
Event: 1.204 Thread 0x00007f4908182db0 1258       3       java.nio.HeapByteBuffer::get (14 bytes)
Event: 1.204 Thread 0x00007f4908182db0 nmethod 1258 0x00007f48f1f66090 code [0x00007f48f1f66260, 0x00007f48f1f66560]
Event: 1.204 Thread 0x00007f4908182db0 1256       3       java.nio.HeapByteBuffer::get (15 bytes)
Event: 1.204 Thread 0x00007f4908182db0 nmethod 1256 0x00007f48f1f66710 code [0x00007f48f1f668c0, 0x00007f48f1f66a90]
Event: 1.204 Thread 0x00007f4908182db0 1244       3       jdk.internal.org.objectweb.asm.SymbolTable::hash (20 bytes)
Event: 1.205 Thread 0x00007f4908182db0 nmethod 1244 0x00007f48f1f66c10 code [0x00007f48f1f66de0, 0x00007f48f1f66fa0]
Event: 1.205 Thread 0x00007f4908182db0 1242       3       java.util.concurrent.ConcurrentHashMap::remove (8 bytes)

GC Heap History (2 events):
Event: 1.122 GC heap before
{Heap before GC invocations=0 (full 0):
 garbage-first heap   total 260096K, used 24532K [0x0000000707a00000, 0x0000000800000000)
  region size 2048K, 11 young (22528K), 0 survivors (0K)
 Metaspace       used 5997K, committed 6272K, reserved 1056768K
  class space    used 578K, committed 704K, reserved 1048576K
}
Event: 1.128 GC heap after
{Heap after GC invocations=1 (full 0):
 garbage-first heap   total 260096K, used 5509K [0x0000000707a00000, 0x0000000800000000)
  region size 2048K, 2 young (4096K), 2 survivors (4096K)
 Metaspace       used 5997K, committed 6272K, reserved 1056768K
  class space    used 578K, committed 704K, reserved 1048576K
}

Deoptimization events (20 events):
Event: 1.044 Thread 0x00007f49080244f0 DEOPT PACKING pc=0x00007f48f1ed916e sp=0x00007f490c76b520
Event: 1.044 Thread 0x00007f49080244f0 DEOPT UNPACKING pc=0x00007f48f1835bba sp=0x00007f490c76a990 mode 0
Event: 1.047 Thread 0x00007f49080244f0 DEOPT PACKING pc=0x00007f48f1ed916e sp=0x00007f490c76b520
Event: 1.047 Thread 0x00007f49080244f0 DEOPT UNPACKING pc=0x00007f48f1835bba sp=0x00007f490c76a990 mode 0
Event: 1.178 Thread 0x00007f49080244f0 Uncommon trap: trap_request=0xffffff45 fr.pc=0x00007f48f932f4bc relative=0x000000000000051c
Event: 1.178 Thread 0x00007f49080244f0 Uncommon trap: reason=unstable_if action=reinterpret pc=0x00007f48f932f4bc method=java.lang.StringLatin1.indexOf([BI[BII)I @ 80 c2
Event: 1.178 Thread 0x00007f49080244f0 DEOPT PACKING pc=0x00007f48f932f4bc sp=0x00007f490c76b190
Event: 1.178 Thread 0x00007f49080244f0 DEOPT UNPACKING pc=0x00007f48f1835424 sp=0x00007f490c76b110 mode 2
Event: 1.180 Thread 0x00007f49080244f0 DEOPT PACKING pc=0x00007f48f1f557ee sp=0x00007f490c76b040
Event: 1.180 Thread 0x00007f49080244f0 DEOPT UNPACKING pc=0x00007f48f1835bba sp=0x00007f490c76a4b0 mode 0
Event: 1.191 Thread 0x00007f49080244f0 DEOPT PACKING pc=0x00007f48f1f557ee sp=0x00007f490c76b040
Event: 1.191 Thread 0x00007f49080244f0 DEOPT UNPACKING pc=0x00007f48f1835bba sp=0x00007f490c76a4b0 mode 0
Event: 1.198 Thread 0x00007f49080244f0 Uncommon trap: trap_request=0xffffff45 fr.pc=0x00007f48f9323614 relative=0x0000000000000074
Event: 1.198 Thread 0x00007f49080244f0 Uncommon trap: reason=unstable_if action=reinterpret pc=0x00007f48f9323614 method=jdk.internal.misc.Unsafe.convEndian(ZI)I @ 4 c2
Event: 1.198 Thread 0x00007f49080244f0 DEOPT PACKING pc=0x00007f48f9323614 sp=0x00007f490c76b2d0
Event: 1.198 Thread 0x00007f49080244f0 DEOPT UNPACKING pc=0x00007f48f1835424 sp=0x00007f490c76b1f8 mode 2
Event: 1.202 Thread 0x00007f49080244f0 Uncommon trap: trap_request=0xffffff45 fr.pc=0x00007f48f9320ebc relative=0x000000000000009c
Event: 1.202 Thread 0x00007f49080244f0 Uncommon trap: reason=unstable_if action=reinterpret pc=0x00007f48f9320ebc method=java.nio.Buffer.nextGetIndex()I @ 10 c2
Event: 1.202 Thread 0x00007f49080244f0 DEOPT PACKING pc=0x00007f48f9320ebc sp=0x00007f490c76b320
Event: 1.202 Thread 0x00007f49080244f0 DEOPT UNPACKING pc=0x00007f48f1835424 sp=0x00007f490c76b268 mode 2

Classes unloaded (0 events):
No events

Classes redefined (0 events):
No events

Internal exceptions (7 events):
Event: 0.131 Thread 0x00007f4908211250 Exception <a 'java/lang/NoSuchMethodError'{0x00000007173e2700}: 'java.lang.Object java.lang.invoke.DirectMethodHandle$Holder.invokeStatic(java.lang.Object)'> (0x00000007173e2700) 
thrown [open/src/hotspot/share/interpreter/linkResolver.cpp, line 789]
Event: 0.132 Thread 0x00007f4908211250 Exception <a 'java/lang/NoSuchMethodError'{0x00000007173e5ee8}: 'java.lang.Object java.lang.invoke.DirectMethodHandle$Holder.invokeStaticInit(java.lang.Object)'> (0x00000007173e5ee8) 
thrown [open/src/hotspot/share/interpreter/linkResolver.cpp, line 789]
Event: 0.144 Thread 0x00007f4908211250 Exception <a 'java/lang/NoSuchMethodError'{0x00000007173f44e8}: 'void java.lang.invoke.DirectMethodHandle$Holder.invokeStatic(java.lang.Object, java.lang.Object)'> (0x00000007173f44e8) 
thrown [open/src/hotspot/share/interpreter/linkResolver.cpp, line 789]
Event: 0.408 Thread 0x00007f49080244f0 Exception <a 'java/lang/NoSuchMethodError'{0x0000000716740120}: 'void java.lang.invoke.DirectMethodHandle$Holder.invokeSpecial(java.lang.Object, java.lang.Object, java.lang.Object)'> (0x0000000716740120) 
thrown [open/src/hotspot/share/interpreter/linkResolver.cpp, line 789]
Event: 0.428 Thread 0x00007f49080244f0 Exception <a 'java/lang/ClassNotFoundException'{0x00000007167540c8}: sun/awt/resources/spi/awtProvider> (0x00000007167540c8) 
thrown [open/src/hotspot/share/classfile/systemDictionary.cpp, line 256]
Event: 0.456 Thread 0x00007f49080244f0 Exception <a 'java/io/FileNotFoundException'{0x00000007167a7aa8}> (0x00000007167a7aa8) 
thrown [open/src/hotspot/share/prims/jni.cpp, line 579]
Event: 0.466 Thread 0x00007f49080244f0 Exception <a 'java/io/FileNotFoundException'{0x00000007167d6370}> (0x00000007167d6370) 
thrown [open/src/hotspot/share/prims/jni.cpp, line 579]

Events (20 events):
Event: 1.196 loading class sun/util/cldr/CLDRTimeZoneNameProviderImpl done
Event: 1.198 loading class sun/font/Type1Font$1
Event: 1.198 loading class sun/font/Type1Font$1 done
Event: 1.199 loading class sun/util/locale/provider/BaseLocaleDataMetaInfo
Event: 1.199 loading class sun/util/locale/provider/BaseLocaleDataMetaInfo done
Event: 1.201 loading class sun/util/resources/cldr/TimeZoneNames
Event: 1.201 loading class sun/util/resources/TimeZoneNamesBundle
Event: 1.201 loading class sun/util/resources/OpenListResourceBundle
Event: 1.201 loading class sun/util/resources/OpenListResourceBundle done
Event: 1.202 loading class sun/util/resources/TimeZoneNamesBundle done
Event: 1.202 loading class sun/util/resources/cldr/TimeZoneNames done
Event: 1.202 loading class sun/util/resources/cldr/TimeZoneNames_en
Event: 1.202 loading class java/nio/BufferUnderflowException
Event: 1.202 loading class java/nio/BufferUnderflowException done
Event: 1.202 loading class sun/util/resources/cldr/TimeZoneNames_en done
Event: 1.203 loading class sun/util/resources/cldr/TimeZoneNames_en_US
Event: 1.203 loading class sun/util/resources/cldr/TimeZoneNames_en_US done
Event: 1.204 loading class java/util/LinkedHashMap$LinkedKeySet
Event: 1.204 loading class java/util/LinkedHashMap$LinkedKeySet done
Event: 1.205 loading class sun/util/resources/TimeZoneNames


Dynamic libraries:
707a00000-717400000 rw-p 00000000 00:00 0 
717400000-7ffc00000 ---p 00000000 00:00 0 
7ffc00000-7ffd00000 rw-p 00000000 00:00 0 
7ffd00000-7ffd75000 rw-p 00c7c000 08:07 10544432                         /home/daneshvar/.jdks/openjdk-16/lib/server/classes.jsa
7ffd75000-7ffe00000 rw-p 00000000 00:00 0 
7ffe00000-7ffe80000 rw-p 00bfc000 08:07 10544432                         /home/daneshvar/.jdks/openjdk-16/lib/server/classes.jsa
7ffe80000-800000000 rw-p 00000000 00:00 0 
800000000-800003000 rwxp 00001000 08:07 10544432                         /home/daneshvar/.jdks/openjdk-16/lib/server/classes.jsa
800003000-800412000 rw-p 00004000 08:07 10544432                         /home/daneshvar/.jdks/openjdk-16/lib/server/classes.jsa
800412000-800bc4000 r--p 00413000 08:07 10544432                         /home/daneshvar/.jdks/openjdk-16/lib/server/classes.jsa
800bc4000-800c00000 ---p 00000000 00:00 0 
800c00000-800c40000 rw-p 00000000 00:00 0 
800c40000-800c90000 rw-p 00000000 00:00 0 
800c90000-800cc0000 ---p 00000000 00:00 0 
800cc0000-800ce0000 rw-p 00000000 00:00 0 
800ce0000-840c00000 ---p 00000000 00:00 0 
55850f5de000-55850f5df000 r-xp 00000000 08:07 10536165                   /home/daneshvar/.jdks/openjdk-16/bin/java
55850f5e0000-55850f5e1000 r--p 00001000 08:07 10536165                   /home/daneshvar/.jdks/openjdk-16/bin/java
55850f5e1000-55850f5e2000 rw-p 00002000 08:07 10536165                   /home/daneshvar/.jdks/openjdk-16/bin/java
558511337000-558511358000 rw-p 00000000 00:00 0                          [heap]
7f4860000000-7f4860021000 rw-p 00000000 00:00 0 
7f4860021000-7f4864000000 ---p 00000000 00:00 0 
7f4868000000-7f4868021000 rw-p 00000000 00:00 0 
7f4868021000-7f486c000000 ---p 00000000 00:00 0 
7f486c000000-7f486c021000 rw-p 00000000 00:00 0 
7f486c021000-7f4870000000 ---p 00000000 00:00 0 
7f4870000000-7f4870021000 rw-p 00000000 00:00 0 
7f4870021000-7f4874000000 ---p 00000000 00:00 0 
7f4874000000-7f4874021000 rw-p 00000000 00:00 0 
7f4874021000-7f4878000000 ---p 00000000 00:00 0 
7f4878000000-7f4878029000 rw-p 00000000 00:00 0 
7f4878029000-7f487c000000 ---p 00000000 00:00 0 
7f487c000000-7f487c021000 rw-p 00000000 00:00 0 
7f487c021000-7f4880000000 ---p 00000000 00:00 0 
7f48834b7000-7f4883718000 rw-p 00000000 00:00 0 
7f4883718000-7f4883719000 ---p 00000000 00:00 0 
7f4883719000-7f488381a000 rw-p 00000000 00:00 0 
7f488381a000-7f488381b000 ---p 00000000 00:00 0 
7f488381b000-7f488391c000 rw-p 00000000 00:00 0 
7f488391c000-7f488391d000 ---p 00000000 00:00 0 
7f488391d000-7f4883a1e000 rw-p 00000000 00:00 0 
7f4883a1e000-7f4883a1f000 ---p 00000000 00:00 0 
7f4883a1f000-7f4883b20000 rw-p 00000000 00:00 0 
7f4883b20000-7f4883b21000 ---p 00000000 00:00 0 
7f4883b21000-7f4883c22000 rw-p 00000000 00:00 0 
7f4883c22000-7f4883c26000 ---p 00000000 00:00 0 
7f4883c26000-7f4883d23000 rw-p 00000000 00:00 0 
7f4883d23000-7f4883d2e000 r--s 00000000 08:06 1179856                    /var/cache/fontconfig/a4637e27-4fcc-4bc0-a937-718ae7fb9dce-le64.cache-7
7f4883d2e000-7f4883d32000 r--s 00000000 08:06 1190675                    /var/cache/fontconfig/3d8dc8d9-80a3-4fd0-9f03-7e507095f5bb-le64.cache-7
7f4883d32000-7f4883d38000 r--s 00000000 08:06 1179811                    /var/cache/fontconfig/606ab276-7b9b-4a8d-ba0f-d11dc840c63b-le64.cache-7
7f4883d38000-7f4883d39000 r--s 00000000 08:06 1179888                    /var/cache/fontconfig/c8e280ed-afd3-47c2-bab8-41c84247e443-le64.cache-7
7f4883d39000-7f4883d3d000 r--s 00000000 08:06 1190670                    /var/cache/fontconfig/558630f9-7e5b-4f06-85c8-e1059092df86-le64.cache-7
7f4883d3d000-7f4883d53000 r--s 00000000 08:06 1179759                    /var/cache/fontconfig/24ca075b-24b3-443e-b839-12e0b785755c-le64.cache-7
7f4883d53000-7f4883d54000 r--s 00000000 08:06 1179758                    /var/cache/fontconfig/23ea5eec-8abe-425c-8e31-14501dd2c05d-le64.cache-7
7f4883d54000-7f4883d55000 r--s 00000000 08:06 1179764                    /var/cache/fontconfig/31f6e66f-2ff0-4c60-9807-a6215f19ec0e-le64.cache-7
7f4883d55000-7f4883d57000 r--s 00000000 08:06 1179825                    /var/cache/fontconfig/6d7b3acb-1fb6-4014-b9d7-8e88f844dbd4-le64.cache-7
7f4883d57000-7f4883d58000 r--s 00000000 08:06 1179891                    /var/cache/fontconfig/cfa427aa-623e-416c-9510-56b3842277f0-le64.cache-7
7f4883d58000-7f4883d5a000 r--s 00000000 08:06 1179822                    /var/cache/fontconfig/6ba86a0c-5536-47df-830b-330a0a6c7c47-le64.cache-7
7f4883d5a000-7f4883ff7000 r--s 00000000 08:06 1190658                    /var/cache/fontconfig/f982cc57-f5d2-4816-b56a-40b977baf995-le64.cache-7
7f4883ff7000-7f4883ffc000 r--s 00000000 08:06 1179763                    /var/cache/fontconfig/3100a3e8-8260-4176-8376-e74602aa4b7e-le64.cache-7
7f4883ffc000-7f4884000000 r--s 00000000 08:06 1190665                    /var/cache/fontconfig/e0e9514c-02d8-4cc7-b327-ed92797332d5-le64.cache-7
7f4884000000-7f4884021000 rw-p 00000000 00:00 0 
7f4884021000-7f4888000000 ---p 00000000 00:00 0 
7f4888000000-7f4888021000 rw-p 00000000 00:00 0 
7f4888021000-7f488c000000 ---p 00000000 00:00 0 
7f488c000000-7f488d0f1000 rw-p 00000000 00:00 0 
7f488d0f1000-7f4890000000 ---p 00000000 00:00 0 
7f4890000000-7f4890021000 rw-p 00000000 00:00 0 
7f4890021000-7f4894000000 ---p 00000000 00:00 0 
7f4894000000-7f4894021000 rw-p 00000000 00:00 0 
7f4894021000-7f4898000000 ---p 00000000 00:00 0 
7f4898000000-7f4898021000 rw-p 00000000 00:00 0 
7f4898021000-7f489c000000 ---p 00000000 00:00 0 
7f489c000000-7f489d891000 rw-p 00000000 00:00 0 
7f489d891000-7f48a0000000 ---p 00000000 00:00 0 
7f48a0000000-7f48a0021000 rw-p 00000000 00:00 0 
7f48a0021000-7f48a4000000 ---p 00000000 00:00 0 
7f48a4000000-7f48a4021000 rw-p 00000000 00:00 0 
7f48a4021000-7f48a8000000 ---p 00000000 00:00 0 
7f48a8000000-7f48a8021000 rw-p 00000000 00:00 0 
7f48a8021000-7f48ac000000 ---p 00000000 00:00 0 
7f48ac000000-7f48acc86000 rw-p 00000000 00:00 0 
7f48acc86000-7f48b0000000 ---p 00000000 00:00 0 
7f48b0000000-7f48b0809000 rw-p 00000000 00:00 0 
7f48b0809000-7f48b4000000 ---p 00000000 00:00 0 
7f48b4000000-7f48b4021000 rw-p 00000000 00:00 0 
7f48b4021000-7f48b8000000 ---p 00000000 00:00 0 
7f48b8000000-7f48b8021000 rw-p 00000000 00:00 0 
7f48b8021000-7f48bc000000 ---p 00000000 00:00 0 
7f48bc000000-7f48bc021000 rw-p 00000000 00:00 0 
7f48bc021000-7f48c0000000 ---p 00000000 00:00 0 
7f48c0000000-7f48c0021000 rw-p 00000000 00:00 0 
7f48c0021000-7f48c4000000 ---p 00000000 00:00 0 
7f48c4000000-7f48c4002000 r--s 00000000 08:06 1179861                    /var/cache/fontconfig/a6a6c35d-0ce2-48b7-897d-a6183fd0e97f-le64.cache-7
7f48c4002000-7f48c4003000 r--s 00000000 08:06 1179832                    /var/cache/fontconfig/7a1b0847-a32a-43ed-ab48-8e0d80d5aa0e-le64.cache-7
7f48c4003000-7f48c4004000 r--s 00000000 08:06 1179846                    /var/cache/fontconfig/911b590d-1bae-4329-8900-038496e172ae-le64.cache-7
7f48c4004000-7f48c4005000 r--s 00000000 08:06 1179780                    /var/cache/fontconfig/44d9bfa7-b81a-4325-8781-3fd0543d79e7-le64.cache-7
7f48c4005000-7f48c4006000 r--s 00000000 08:06 1179843                    /var/cache/fontconfig/87fe2ab1-9058-4913-8428-e46b953778a1-le64.cache-7
7f48c4006000-7f48c4007000 r--s 00000000 08:06 1179839                    /var/cache/fontconfig/829604c1-1b2d-40ff-b830-40ef41364dc2-le64.cache-7
7f48c4007000-7f48c4008000 r--s 00000000 08:06 1179742                    /var/cache/fontconfig/15117173-412a-4eca-9408-9b879318ad88-le64.cache-7
7f48c4008000-7f48c4009000 r--s 00000000 08:06 1179750                    /var/cache/fontconfig/1bb63ba4-fd72-4b26-ab50-9048e523804d-le64.cache-7
7f48c4009000-7f48c400a000 r--s 00000000 08:06 1179915                    /var/cache/fontconfig/e29d2e42-aff3-4723-b310-450149b2fb17-le64.cache-7
7f48c400a000-7f48c400b000 r--s 00000000 08:06 1179767                    /var/cache/fontconfig/341d2c2a-9c08-4288-8104-d9a4f307f74b-le64.cache-7
7f48c400b000-7f48c400c000 r--s 00000000 08:06 1179728                    /var/cache/fontconfig/030f639d-03c8-4627-b24f-bc5a26112056-le64.cache-7
7f48c400c000-7f48c400d000 r--s 00000000 08:06 1179751                    /var/cache/fontconfig/1c4ad046-42f8-4993-afcf-56176d8e5375-le64.cache-7
7f48c400d000-7f48c400e000 r--s 00000000 08:06 1179877                    /var/cache/fontconfig/bbad67ab-3c64-4edb-8a52-a09350c22aaa-le64.cache-7
7f48c400e000-7f48c4013000 r--s 00000000 08:06 1179924                    /var/cache/fontconfig/f2b1a1a4-343a-4373-91e5-fac49fa430e6-le64.cache-7
7f48c4013000-7f48c401a000 r--s 00000000 08:06 1179882                    /var/cache/fontconfig/c0c8b206-c7dd-477e-bc06-da8b373c3274-le64.cache-7
7f48c401a000-7f48c4022000 r--s 00000000 08:06 1190639                    /var/cache/fontconfig/dd08f938-af7d-4dfc-a6db-56fb06180264-le64.cache-7
7f48c4022000-7f48c4023000 r--s 00000000 08:06 1179851                    /var/cache/fontconfig/9c6749b4-738d-4e81-b63b-146ffc994447-le64.cache-7
7f48c4023000-7f48c4024000 r--s 00000000 08:06 1179845                    /var/cache/fontconfig/90c21457-a70c-4ebf-a99a-2f9f7c9521c4-le64.cache-7
7f48c4024000-7f48c402a000 r--s 00000000 08:06 1179907                    /var/cache/fontconfig/db24e243-8a03-47c3-8ab6-272240f2c73b-le64.cache-7
7f48c402a000-7f48c402e000 r--s 00000000 08:06 1190656                    /var/cache/fontconfig/00ac7c3f-ad9b-49f9-9625-ecf6d0985337-le64.cache-7
7f48c402e000-7f48c4030000 r--s 00000000 08:06 1179906                    /var/cache/fontconfig/c9cfcbe2-670a-47e1-bc89-90a4908cc29e-le64.cache-7
7f48c4030000-7f48c4043000 r--s 00000000 08:06 1179768                    /var/cache/fontconfig/369be85f-ed25-45fc-b8b8-b0561cc593b3-le64.cache-7
7f48c4043000-7f48c4047000 r--s 00000000 08:06 1179779                    /var/cache/fontconfig/43f5a2fa-15cb-4d5f-ac3a-6b98f17db5bd-le64.cache-7
7f48c4047000-7f48c4048000 r--s 00000000 08:06 1179727                    /var/cache/fontconfig/01a0da53-557e-4c32-b6b8-b11a6dcad222-le64.cache-7
7f48c4048000-7f48c4049000 r--s 00000000 08:06 1179876                    /var/cache/fontconfig/bb90e121-4c18-46b2-994d-bc5edc93d11d-le64.cache-7
7f48c4049000-7f48c404a000 r--s 00000000 08:06 1179893                    /var/cache/fontconfig/d0e601be-c830-4b1c-a834-4803962fac48-le64.cache-7
7f48c404a000-7f48c404d000 r--s 00000000 08:06 1179840                    /var/cache/fontconfig/84da5fb7-ac45-4365-a47c-275057a7fb5b-le64.cache-7
7f48c404d000-7f48c4059000 r--s 00000000 08:06 1190653                    /var/cache/fontconfig/5c0bb55f-9bc2-4f07-b2ee-c843e59f0457-le64.cache-7
7f48c4059000-7f48c4067000 r--s 00000000 08:06 1179933                    /var/cache/fontconfig/ffc0df38-5557-426d-b4e0-cddd44e52d03-le64.cache-7
7f48c4067000-7f48c4077000 r--s 00000000 08:06 1179880                    /var/cache/fontconfig/be3a9e9e-9e71-4f13-b5a6-656901312546-le64.cache-7
7f48c4077000-7f48c4090000 r--s 00000000 08:06 1190663                    /var/cache/fontconfig/c0b2c651-e462-487b-86a3-2cbb44de03a9-le64.cache-7
7f48c4090000-7f48c40b2000 r--s 00000000 08:06 1190643                    /var/cache/fontconfig/7d57552e-787b-4b69-b65f-2f334ab0a5d1-le64.cache-7
7f48c4129000-7f48c4130000 r--s 00000000 08:06 2231814                    /usr/lib/x86_64-linux-gnu/gconv/gconv-modules.cache
7f48c4130000-7f48c4131000 r--s 00000000 08:06 1179793                    /var/cache/fontconfig/50289ae4-6955-4f6c-a8e4-f1e3a7c39eb5-le64.cache-7
7f48c4131000-7f48c4133000 r--s 00000000 08:06 1179778                    /var/cache/fontconfig/4249dd05-726c-4fb6-81c3-c9400f370a59-le64.cache-7
7f48c4133000-7f48c4136000 r--s 00000000 08:06 1179883                    /var/cache/fontconfig/c57cbee3-bdc1-4114-badc-a584f67d0c0c-le64.cache-7
7f48c4136000-7f48c4137000 r--s 00000000 08:06 1179803                    /var/cache/fontconfig/5704c8ff-897f-4b73-9665-68c2d3a48dc9-le64.cache-7
7f48c4137000-7f48c413b000 r--s 00000000 08:06 1190650                    /var/cache/fontconfig/b6c55e10-3e84-4cd4-83eb-5d480946392c-le64.cache-7
7f48c413b000-7f48c413c000 r--s 00000000 08:06 1179878                    /var/cache/fontconfig/bcbb8717-be88-4839-a3cb-708800852979-le64.cache-7
7f48c413c000-7f48c414a000 r--s 00000000 08:06 1190647                    /var/cache/fontconfig/0fe856f1-3fb9-4279-9247-70f6755d4224-le64.cache-7
7f48c414a000-7f48c414b000 ---p 00000000 00:00 0 
7f48c414b000-7f48c494b000 rw-p 00000000 00:00 0 
7f48c494b000-7f48c494c000 ---p 00000000 00:00 0 
7f48c494c000-7f48c514c000 rw-p 00000000 00:00 0 
7f48c514c000-7f48c514d000 ---p 00000000 00:00 0 
7f48c514d000-7f48c594d000 rw-p 00000000 00:00 0 
7f48c594d000-7f48c5957000 r--p 00000000 08:07 10523579                   /home/daneshvar/.config/dconf/user
7f48c5957000-7f48c597f000 r--p 00000000 08:06 2371187                    /usr/share/glib-2.0/schemas/gschemas.compiled
7f48c597f000-7f48c5981000 r--p 00000000 08:06 1713145                    /usr/lib/x86_64-linux-gnu/libpcre2-8.so.0.9.0
7f48c5981000-7f48c59e5000 r-xp 00002000 08:06 1713145                    /usr/lib/x86_64-linux-gnu/libpcre2-8.so.0.9.0
7f48c59e5000-7f48c5a0d000 r--p 00066000 08:06 1713145                    /usr/lib/x86_64-linux-gnu/libpcre2-8.so.0.9.0
7f48c5a0d000-7f48c5a0e000 r--p 0008d000 08:06 1713145                    /usr/lib/x86_64-linux-gnu/libpcre2-8.so.0.9.0
7f48c5a0e000-7f48c5a0f000 rw-p 0008e000 08:06 1713145                    /usr/lib/x86_64-linux-gnu/libpcre2-8.so.0.9.0
7f48c5a0f000-7f48c5a19000 r--p 00000000 08:06 1712277                    /usr/lib/x86_64-linux-gnu/libblkid.so.1.1.0
7f48c5a19000-7f48c5a4f000 r-xp 0000a000 08:06 1712277                    /usr/lib/x86_64-linux-gnu/libblkid.so.1.1.0
7f48c5a4f000-7f48c5a5f000 r--p 00040000 08:06 1712277                    /usr/lib/x86_64-linux-gnu/libblkid.so.1.1.0
7f48c5a5f000-7f48c5a60000 ---p 00050000 08:06 1712277                    /usr/lib/x86_64-linux-gnu/libblkid.so.1.1.0
7f48c5a60000-7f48c5a65000 r--p 00050000 08:06 1712277                    /usr/lib/x86_64-linux-gnu/libblkid.so.1.1.0
7f48c5a65000-7f48c5a66000 rw-p 00055000 08:06 1712277                    /usr/lib/x86_64-linux-gnu/libblkid.so.1.1.0
7f48c5a66000-7f48c5a68000 r--p 00000000 08:06 1712530                    /usr/lib/x86_64-linux-gnu/libffi.so.7.1.0
7f48c5a68000-7f48c5a6e000 r-xp 00002000 08:06 1712530                    /usr/lib/x86_64-linux-gnu/libffi.so.7.1.0
7f48c5a6e000-7f48c5a6f000 r--p 00008000 08:06 1712530                    /usr/lib/x86_64-linux-gnu/libffi.so.7.1.0
7f48c5a6f000-7f48c5a70000 ---p 00009000 08:06 1712530                    /usr/lib/x86_64-linux-gnu/libffi.so.7.1.0
7f48c5a70000-7f48c5a71000 r--p 00009000 08:06 1712530                    /usr/lib/x86_64-linux-gnu/libffi.so.7.1.0
7f48c5a71000-7f48c5a72000 rw-p 0000a000 08:06 1712530                    /usr/lib/x86_64-linux-gnu/libffi.so.7.1.0
7f48c5a72000-7f48c5a74000 r--p 00000000 08:06 1713141                    /usr/lib/x86_64-linux-gnu/libpcre.so.3.13.3
7f48c5a74000-7f48c5ac5000 r-xp 00002000 08:06 1713141                    /usr/lib/x86_64-linux-gnu/libpcre.so.3.13.3
7f48c5ac5000-7f48c5ae3000 r--p 00053000 08:06 1713141                    /usr/lib/x86_64-linux-gnu/libpcre.so.3.13.3
7f48c5ae3000-7f48c5ae4000 r--p 00070000 08:06 1713141                    /usr/lib/x86_64-linux-gnu/libpcre.so.3.13.3
7f48c5ae4000-7f48c5ae5000 rw-p 00071000 08:06 1713141                    /usr/lib/x86_64-linux-gnu/libpcre.so.3.13.3
7f48c5ae5000-7f48c5ae9000 r--p 00000000 08:06 1713243                    /usr/lib/x86_64-linux-gnu/libresolv-2.31.so
7f48c5ae9000-7f48c5af9000 r-xp 00004000 08:06 1713243                    /usr/lib/x86_64-linux-gnu/libresolv-2.31.so
7f48c5af9000-7f48c5afc000 r--p 00014000 08:06 1713243                    /usr/lib/x86_64-linux-gnu/libresolv-2.31.so
7f48c5afc000-7f48c5afd000 ---p 00017000 08:06 1713243                    /usr/lib/x86_64-linux-gnu/libresolv-2.31.so
7f48c5afd000-7f48c5afe000 r--p 00017000 08:06 1713243                    /usr/lib/x86_64-linux-gnu/libresolv-2.31.so
7f48c5afe000-7f48c5aff000 rw-p 00018000 08:06 1713243                    /usr/lib/x86_64-linux-gnu/libresolv-2.31.so
7f48c5aff000-7f48c5b01000 rw-p 00000000 00:00 0 
7f48c5b01000-7f48c5b07000 r--p 00000000 08:06 1713299                    /usr/lib/x86_64-linux-gnu/libselinux.so.1
7f48c5b07000-7f48c5b20000 r-xp 00006000 08:06 1713299                    /usr/lib/x86_64-linux-gnu/libselinux.so.1
7f48c5b20000-7f48c5b27000 r--p 0001f000 08:06 1713299                    /usr/lib/x86_64-linux-gnu/libselinux.so.1
7f48c5b27000-7f48c5b28000 ---p 00026000 08:06 1713299                    /usr/lib/x86_64-linux-gnu/libselinux.so.1
7f48c5b28000-7f48c5b29000 r--p 00026000 08:06 1713299                    /usr/lib/x86_64-linux-gnu/libselinux.so.1
7f48c5b29000-7f48c5b2a000 rw-p 00027000 08:06 1713299                    /usr/lib/x86_64-linux-gnu/libselinux.so.1
7f48c5b2a000-7f48c5b2c000 rw-p 00000000 00:00 0 
7f48c5b2c000-7f48c5b37000 r--p 00000000 08:06 1712963                    /usr/lib/x86_64-linux-gnu/libmount.so.1.1.0
7f48c5b37000-7f48c5b75000 r-xp 0000b000 08:06 1712963                    /usr/lib/x86_64-linux-gnu/libmount.so.1.1.0
7f48c5b75000-7f48c5b88000 r--p 00049000 08:06 1712963                    /usr/lib/x86_64-linux-gnu/libmount.so.1.1.0
7f48c5b88000-7f48c5b8b000 r--p 0005b000 08:06 1712963                    /usr/lib/x86_64-linux-gnu/libmount.so.1.1.0
7f48c5b8b000-7f48c5b8c000 rw-p 0005e000 08:06 1712963                    /usr/lib/x86_64-linux-gnu/libmount.so.1.1.0
7f48c5b8c000-7f48c5b9a000 r--p 00000000 08:06 1706423                    /usr/lib/x86_64-linux-gnu/libgobject-2.0.so.0.6400.6
7f48c5b9a000-7f48c5bd0000 r-xp 0000e000 08:06 1706423                    /usr/lib/x86_64-linux-gnu/libgobject-2.0.so.0.6400.6
7f48c5bd0000-7f48c5be8000 r--p 00044000 08:06 1706423                    /usr/lib/x86_64-linux-gnu/libgobject-2.0.so.0.6400.6
7f48c5be8000-7f48c5beb000 r--p 0005b000 08:06 1706423                    /usr/lib/x86_64-linux-gnu/libgobject-2.0.so.0.6400.6
7f48c5beb000-7f48c5bec000 rw-p 0005e000 08:06 1706423                    /usr/lib/x86_64-linux-gnu/libgobject-2.0.so.0.6400.6
7f48c5bec000-7f48c5c08000 r--p 00000000 08:06 1705048                    /usr/lib/x86_64-linux-gnu/libglib-2.0.so.0.6400.6
7f48c5c08000-7f48c5c8c000 r-xp 0001c000 08:06 1705048                    /usr/lib/x86_64-linux-gnu/libglib-2.0.so.0.6400.6
7f48c5c8c000-7f48c5d12000 r--p 000a0000 08:06 1705048                    /usr/lib/x86_64-linux-gnu/libglib-2.0.so.0.6400.6
7f48c5d12000-7f48c5d13000 r--p 00125000 08:06 1705048                    /usr/lib/x86_64-linux-gnu/libglib-2.0.so.0.6400.6
7f48c5d13000-7f48c5d14000 rw-p 00126000 08:06 1705048                    /usr/lib/x86_64-linux-gnu/libglib-2.0.so.0.6400.6
7f48c5d14000-7f48c5d15000 rw-p 00000000 00:00 0 
7f48c5d15000-7f48c5d4d000 r--p 00000000 08:06 1705047                    /usr/lib/x86_64-linux-gnu/libgio-2.0.so.0.6400.6
7f48c5d4d000-7f48c5e60000 r-xp 00038000 08:06 1705047                    /usr/lib/x86_64-linux-gnu/libgio-2.0.so.0.6400.6
7f48c5e60000-7f48c5eea000 r--p 0014b000 08:06 1705047                    /usr/lib/x86_64-linux-gnu/libgio-2.0.so.0.6400.6
7f48c5eea000-7f48c5ef3000 r--p 001d4000 08:06 1705047                    /usr/lib/x86_64-linux-gnu/libgio-2.0.so.0.6400.6
7f48c5ef3000-7f48c5ef4000 rw-p 001dd000 08:06 1705047                    /usr/lib/x86_64-linux-gnu/libgio-2.0.so.0.6400.6
7f48c5ef4000-7f48c5ef6000 rw-p 00000000 00:00 0 
7f48c5ef6000-7f48c5ef8000 r--p 00000000 08:06 1712162                    /usr/lib/x86_64-linux-gnu/libXrandr.so.2.2.0
7f48c5ef8000-7f48c5eff000 r-xp 00002000 08:06 1712162                    /usr/lib/x86_64-linux-gnu/libXrandr.so.2.2.0
7f48c5eff000-7f48c5f01000 r--p 00009000 08:06 1712162                    /usr/lib/x86_64-linux-gnu/libXrandr.so.2.2.0
7f48c5f01000-7f48c5f02000 r--p 0000a000 08:06 1712162                    /usr/lib/x86_64-linux-gnu/libXrandr.so.2.2.0
7f48c5f02000-7f48c5f03000 rw-p 0000b000 08:06 1712162                    /usr/lib/x86_64-linux-gnu/libXrandr.so.2.2.0
7f48c5f03000-7f48c5f07000 ---p 00000000 00:00 0 
7f48c5f07000-7f48c6004000 rw-p 00000000 00:00 0 
7f48c6004000-7f48c6009000 r--p 00000000 08:06 1713179                    /usr/lib/x86_64-linux-gnu/libpng16.so.16.37.0
7f48c6009000-7f48c602e000 r-xp 00005000 08:06 1713179                    /usr/lib/x86_64-linux-gnu/libpng16.so.16.37.0
7f48c602e000-7f48c603a000 r--p 0002a000 08:06 1713179                    /usr/lib/x86_64-linux-gnu/libpng16.so.16.37.0
7f48c603a000-7f48c603b000 r--p 00035000 08:06 1713179                    /usr/lib/x86_64-linux-gnu/libpng16.so.16.37.0
7f48c603b000-7f48c603c000 rw-p 00036000 08:06 1713179                    /usr/lib/x86_64-linux-gnu/libpng16.so.16.37.0
7f48c603c000-7f48c6048000 r--p 00000000 08:06 1712563                    /usr/lib/x86_64-linux-gnu/libfreetype.so.6.17.1
7f48c6048000-7f48c60c8000 r-xp 0000c000 08:06 1712563                    /usr/lib/x86_64-linux-gnu/libfreetype.so.6.17.1
7f48c60c8000-7f48c60f2000 r--p 0008c000 08:06 1712563                    /usr/lib/x86_64-linux-gnu/libfreetype.so.6.17.1
7f48c60f2000-7f48c60f3000 ---p 000b6000 08:06 1712563                    /usr/lib/x86_64-linux-gnu/libfreetype.so.6.17.1
7f48c60f3000-7f48c60fa000 r--p 000b6000 08:06 1712563                    /usr/lib/x86_64-linux-gnu/libfreetype.so.6.17.1
7f48c60fa000-7f48c60fb000 rw-p 000bd000 08:06 1712563                    /usr/lib/x86_64-linux-gnu/libfreetype.so.6.17.1
7f48c60fb000-7f48c60fc000 r--s 00000000 08:06 1179894                    /var/cache/fontconfig/d3dfc9e6-6b2a-4fa3-a681-886ea2990c0f-le64.cache-7
7f48c60fc000-7f48c6103000 r--s 00000000 08:06 1179910                    /var/cache/fontconfig/86312473-386c-4d00-967b-2a4813f46767-le64.cache-7
7f48c6103000-7f48c6107000 r--p 00000000 08:06 2231940                    /usr/lib/x86_64-linux-gnu/gio/modules/libdconfsettings.so
7f48c6107000-7f48c610f000 r-xp 00004000 08:06 2231940                    /usr/lib/x86_64-linux-gnu/gio/modules/libdconfsettings.so
7f48c610f000-7f48c6112000 r--p 0000c000 08:06 2231940                    /usr/lib/x86_64-linux-gnu/gio/modules/libdconfsettings.so
7f48c6112000-7f48c6113000 ---p 0000f000 08:06 2231940                    /usr/lib/x86_64-linux-gnu/gio/modules/libdconfsettings.so
7f48c6113000-7f48c6114000 r--p 0000f000 08:06 2231940                    /usr/lib/x86_64-linux-gnu/gio/modules/libdconfsettings.so
7f48c6114000-7f48c6115000 rw-p 00010000 08:06 2231940                    /usr/lib/x86_64-linux-gnu/gio/modules/libdconfsettings.so
7f48c6115000-7f48c62a9000 r-xp 00000000 08:07 10544376                   /home/daneshvar/.jdks/openjdk-16/lib/libharfbuzz.so
7f48c62a9000-7f48c62aa000 ---p 00194000 08:07 10544376                   /home/daneshvar/.jdks/openjdk-16/lib/libharfbuzz.so
7f48c62aa000-7f48c62ac000 r--p 00194000 08:07 10544376                   /home/daneshvar/.jdks/openjdk-16/lib/libharfbuzz.so
7f48c62ac000-7f48c62ad000 rw-p 00196000 08:07 10544376                   /home/daneshvar/.jdks/openjdk-16/lib/libharfbuzz.so
7f48c62ad000-7f48c62b9000 r-xp 00000000 08:07 10544375                   /home/daneshvar/.jdks/openjdk-16/lib/libfontmanager.so
7f48c62b9000-7f48c62ba000 ---p 0000c000 08:07 10544375                   /home/daneshvar/.jdks/openjdk-16/lib/libfontmanager.so
7f48c62ba000-7f48c62bb000 r--p 0000c000 08:07 10544375                   /home/daneshvar/.jdks/openjdk-16/lib/libfontmanager.so
7f48c62bb000-7f48c62bc000 rw-p 0000d000 08:07 10544375                   /home/daneshvar/.jdks/openjdk-16/lib/libfontmanager.so
7f48c62bc000-7f48c62c0000 r--p 00000000 08:06 1712296                    /usr/lib/x86_64-linux-gnu/libbsd.so.0.10.0
7f48c62c0000-7f48c62cf000 r-xp 00004000 08:06 1712296                    /usr/lib/x86_64-linux-gnu/libbsd.so.0.10.0
7f48c62cf000-7f48c62d2000 r--p 00013000 08:06 1712296                    /usr/lib/x86_64-linux-gnu/libbsd.so.0.10.0
7f48c62d2000-7f48c62d3000 ---p 00016000 08:06 1712296                    /usr/lib/x86_64-linux-gnu/libbsd.so.0.10.0
7f48c62d3000-7f48c62d4000 r--p 00016000 08:06 1712296                    /usr/lib/x86_64-linux-gnu/libbsd.so.0.10.0
7f48c62d4000-7f48c62d5000 rw-p 00017000 08:06 1712296                    /usr/lib/x86_64-linux-gnu/libbsd.so.0.10.0
7f48c62d5000-7f48c62d6000 rw-p 00000000 00:00 0 
7f48c62d6000-7f48c62e1000 r--p 00000000 08:06 1713586                    /usr/lib/x86_64-linux-gnu/libxcb.so.1.1.0
7f48c62e1000-7f48c62f5000 r-xp 0000b000 08:06 1713586                    /usr/lib/x86_64-linux-gnu/libxcb.so.1.1.0
7f48c62f5000-7f48c62fe000 r--p 0001f000 08:06 1713586                    /usr/lib/x86_64-linux-gnu/libxcb.so.1.1.0
7f48c62fe000-7f48c62ff000 r--p 00027000 08:06 1713586                    /usr/lib/x86_64-linux-gnu/libxcb.so.1.1.0
7f48c62ff000-7f48c6300000 rw-p 00028000 08:06 1713586                    /usr/lib/x86_64-linux-gnu/libxcb.so.1.1.0
7f48c6300000-7f48c6305000 r-xp 00000000 08:06 1712170                    /usr/lib/x86_64-linux-gnu/libXtst.so.6.1.0
7f48c6305000-7f48c6504000 ---p 00005000 08:06 1712170                    /usr/lib/x86_64-linux-gnu/libXtst.so.6.1.0
7f48c6504000-7f48c6505000 r--p 00004000 08:06 1712170                    /usr/lib/x86_64-linux-gnu/libXtst.so.6.1.0
7f48c6505000-7f48c6506000 rw-p 00005000 08:06 1712170                    /usr/lib/x86_64-linux-gnu/libXtst.so.6.1.0
7f48c6506000-7f48c650f000 r-xp 00000000 08:06 1712164                    /usr/lib/x86_64-linux-gnu/libXrender.so.1.3.0
7f48c650f000-7f48c670e000 ---p 00009000 08:06 1712164                    /usr/lib/x86_64-linux-gnu/libXrender.so.1.3.0
7f48c670e000-7f48c670f000 r--p 00008000 08:06 1712164                    /usr/lib/x86_64-linux-gnu/libXrender.so.1.3.0
7f48c670f000-7f48c6710000 rw-p 00009000 08:06 1712164                    /usr/lib/x86_64-linux-gnu/libXrender.so.1.3.0
7f48c6710000-7f48c6728000 r--p 00000000 08:06 1712127                    /usr/lib/x86_64-linux-gnu/libX11.so.6.3.0
7f48c6728000-7f48c67b3000 r-xp 00018000 08:06 1712127                    /usr/lib/x86_64-linux-gnu/libX11.so.6.3.0
7f48c67b3000-7f48c6847000 r--p 000a3000 08:06 1712127                    /usr/lib/x86_64-linux-gnu/libX11.so.6.3.0
7f48c6847000-7f48c6848000 ---p 00137000 08:06 1712127                    /usr/lib/x86_64-linux-gnu/libX11.so.6.3.0
7f48c6848000-7f48c6849000 r--p 00137000 08:06 1712127                    /usr/lib/x86_64-linux-gnu/libX11.so.6.3.0
7f48c6849000-7f48c684d000 rw-p 00138000 08:06 1712127                    /usr/lib/x86_64-linux-gnu/libX11.so.6.3.0
7f48c684d000-7f48c6851000 ---p 00000000 00:00 0 
7f48c6851000-7f48c694e000 rw-p 00000000 00:00 0 
7f48c694e000-7f48c694f000 ---p 00000000 00:00 0 
7f48c694f000-7f48c6a50000 rw-p 00000000 00:00 0 
7f48c6a50000-7f48c6a54000 ---p 00000000 00:00 0 
7f48c6a54000-7f48c6b51000 rw-p 00000000 00:00 0 
7f48c6b51000-7f48c6b55000 ---p 00000000 00:00 0 
7f48c6b55000-7f48c6c52000 rw-p 00000000 00:00 0 
7f48c6c52000-7f48c6c56000 ---p 00000000 00:00 0 
7f48c6c56000-7f48c6d53000 rw-p 00000000 00:00 0 
7f48c6d53000-7f48c6d57000 ---p 00000000 00:00 0 
7f48c6d57000-7f48c6e54000 rw-p 00000000 00:00 0 
7f48c6e54000-7f48c6e58000 ---p 00000000 00:00 0 
7f48c6e58000-7f48c6f55000 rw-p 00000000 00:00 0 
7f48c6f55000-7f48c8000000 r--p 00000000 08:06 1710916                    /usr/lib/locale/locale-archive
7f48c8000000-7f48c8021000 rw-p 00000000 00:00 0 
7f48c8021000-7f48cc000000 ---p 00000000 00:00 0 
7f48cc000000-7f48cc021000 rw-p 00000000 00:00 0 
7f48cc021000-7f48d0000000 ---p 00000000 00:00 0 
7f48d0000000-7f48d0021000 rw-p 00000000 00:00 0 
7f48d0021000-7f48d4000000 ---p 00000000 00:00 0 
7f48d4000000-7f48d4021000 rw-p 00000000 00:00 0 
7f48d4021000-7f48d8000000 ---p 00000000 00:00 0 
7f48d8000000-7f48d8021000 rw-p 00000000 00:00 0 
7f48d8021000-7f48dc000000 ---p 00000000 00:00 0 
7f48dc000000-7f48dc021000 rw-p 00000000 00:00 0 
7f48dc021000-7f48e0000000 ---p 00000000 00:00 0 
7f48e0000000-7f48e0021000 rw-p 00000000 00:00 0 
7f48e0021000-7f48e4000000 ---p 00000000 00:00 0 
7f48e4000000-7f48e4001000 r--s 00000000 08:06 1179830                    /var/cache/fontconfig/772e1db9-7fda-4e2c-a119-411f883e41a6-le64.cache-7
7f48e4001000-7f48e4004000 r--s 00000000 08:06 1179798                    /var/cache/fontconfig/552326db-e88a-49ad-977f-eb2abcbccb47-le64.cache-7
7f48e4004000-7f48e4005000 r--p 00000000 08:06 1705161                    /usr/lib/x86_64-linux-gnu/libgmodule-2.0.so.0.6400.6
7f48e4005000-7f48e4007000 r-xp 00001000 08:06 1705161                    /usr/lib/x86_64-linux-gnu/libgmodule-2.0.so.0.6400.6
7f48e4007000-7f48e4008000 r--p 00003000 08:06 1705161                    /usr/lib/x86_64-linux-gnu/libgmodule-2.0.so.0.6400.6
7f48e4008000-7f48e4009000 r--p 00003000 08:06 1705161                    /usr/lib/x86_64-linux-gnu/libgmodule-2.0.so.0.6400.6
7f48e4009000-7f48e400a000 rw-p 00004000 08:06 1705161                    /usr/lib/x86_64-linux-gnu/libgmodule-2.0.so.0.6400.6
7f48e400a000-7f48e400e000 r--p 00000000 08:06 1712144                    /usr/lib/x86_64-linux-gnu/libXext.so.6.4.0
7f48e400e000-7f48e4019000 r-xp 00004000 08:06 1712144                    /usr/lib/x86_64-linux-gnu/libXext.so.6.4.0
7f48e4019000-7f48e401d000 r--p 0000f000 08:06 1712144                    /usr/lib/x86_64-linux-gnu/libXext.so.6.4.0
7f48e401d000-7f48e401e000 r--p 00012000 08:06 1712144                    /usr/lib/x86_64-linux-gnu/libXext.so.6.4.0
7f48e401e000-7f48e401f000 rw-p 00013000 08:06 1712144                    /usr/lib/x86_64-linux-gnu/libXext.so.6.4.0
7f48e401f000-7f48e40c6000 r-xp 00000000 08:07 10544368                   /home/daneshvar/.jdks/openjdk-16/lib/libawt.so
7f48e40c6000-7f48e40c7000 ---p 000a7000 08:07 10544368                   /home/daneshvar/.jdks/openjdk-16/lib/libawt.so
7f48e40c7000-7f48e40c9000 r--p 000a7000 08:07 10544368                   /home/daneshvar/.jdks/openjdk-16/lib/libawt.so
7f48e40c9000-7f48e40d4000 rw-p 000a9000 08:07 10544368                   /home/daneshvar/.jdks/openjdk-16/lib/libawt.so
7f48e40d4000-7f48e40f9000 rw-p 00000000 00:00 0 
7f48e40f9000-7f48e40fd000 ---p 00000000 00:00 0 
7f48e40fd000-7f48e41fa000 rw-p 00000000 00:00 0 
7f48e41fa000-7f48e41fe000 ---p 00000000 00:00 0 
7f48e41fe000-7f48e42fb000 rw-p 00000000 00:00 0 
7f48e42fb000-7f48e42ff000 ---p 00000000 00:00 0 
7f48e42ff000-7f48e43fc000 rw-p 00000000 00:00 0 
7f48e43fc000-7f48e4400000 ---p 00000000 00:00 0 
7f48e4400000-7f48e44fd000 rw-p 00000000 00:00 0 
7f48e44fd000-7f48e4501000 ---p 00000000 00:00 0 
7f48e4501000-7f48e45fe000 rw-p 00000000 00:00 0 
7f48e45fe000-7f48e4602000 ---p 00000000 00:00 0 
7f48e4602000-7f48e46ff000 rw-p 00000000 00:00 0 
7f48e46ff000-7f48e4703000 ---p 00000000 00:00 0 
7f48e4703000-7f48e4c00000 rw-p 00000000 00:00 0 
7f48e4c00000-7f48e4d20000 rw-p 00000000 00:00 0 
7f48e4d20000-7f48e4d80000 ---p 00000000 00:00 0 
7f48e4d80000-7f48e4e00000 rw-p 00000000 00:00 0 
7f48e4e00000-7f48e5000000 ---p 00000000 00:00 0 
7f48e5000000-7f48e5001000 r--s 00000000 08:06 1179905                    /var/cache/fontconfig/d95de4f8-8480-405a-a8e2-d5e00726bff4-le64.cache-7
7f48e5001000-7f48e5003000 r--p 00000000 08:06 1712142                    /usr/lib/x86_64-linux-gnu/libXdmcp.so.6.0.0
7f48e5003000-7f48e5005000 r-xp 00002000 08:06 1712142                    /usr/lib/x86_64-linux-gnu/libXdmcp.so.6.0.0
7f48e5005000-7f48e5007000 r--p 00004000 08:06 1712142                    /usr/lib/x86_64-linux-gnu/libXdmcp.so.6.0.0
7f48e5007000-7f48e5008000 r--p 00005000 08:06 1712142                    /usr/lib/x86_64-linux-gnu/libXdmcp.so.6.0.0
7f48e5008000-7f48e5009000 rw-p 00006000 08:06 1712142                    /usr/lib/x86_64-linux-gnu/libXdmcp.so.6.0.0
7f48e5009000-7f48e500a000 r--p 00000000 08:06 1712131                    /usr/lib/x86_64-linux-gnu/libXau.so.6.0.0
7f48e500a000-7f48e500c000 r-xp 00001000 08:06 1712131                    /usr/lib/x86_64-linux-gnu/libXau.so.6.0.0
7f48e500c000-7f48e500d000 r--p 00003000 08:06 1712131                    /usr/lib/x86_64-linux-gnu/libXau.so.6.0.0
7f48e500d000-7f48e500e000 r--p 00003000 08:06 1712131                    /usr/lib/x86_64-linux-gnu/libXau.so.6.0.0
7f48e500e000-7f48e500f000 rw-p 00004000 08:06 1712131                    /usr/lib/x86_64-linux-gnu/libXau.so.6.0.0
7f48e500f000-7f48e5010000 r--s 00000000 08:06 1179739                    /var/cache/fontconfig/0f1e8176-0eef-4f9f-852d-6ffddb548075-le64.cache-7
7f48e5010000-7f48e5011000 r--s 00000000 08:06 1179769                    /var/cache/fontconfig/36b1e010-f1b0-46e9-aece-8e80b11c0889-le64.cache-7
7f48e5011000-7f48e5014000 r--s 00000000 08:06 1190660                    /var/cache/fontconfig/2ef17fd0-f06b-4e1b-be4c-646a1e9e09fc-le64.cache-7
7f48e5014000-7f48e5015000 r--p 00000000 08:06 1712154                    /usr/lib/x86_64-linux-gnu/libXinerama.so.1.0.0
7f48e5015000-7f48e5016000 r-xp 00001000 08:06 1712154                    /usr/lib/x86_64-linux-gnu/libXinerama.so.1.0.0
7f48e5016000-7f48e5017000 r--p 00002000 08:06 1712154                    /usr/lib/x86_64-linux-gnu/libXinerama.so.1.0.0
7f48e5017000-7f48e5018000 r--p 00002000 08:06 1712154                    /usr/lib/x86_64-linux-gnu/libXinerama.so.1.0.0
7f48e5018000-7f48e5019000 rw-p 00003000 08:06 1712154                    /usr/lib/x86_64-linux-gnu/libXinerama.so.1.0.0
7f48e5019000-7f48e5026000 r-xp 00000000 08:07 10544412                   /home/daneshvar/.jdks/openjdk-16/lib/libverify.so
7f48e5026000-7f48e5028000 r--p 0000c000 08:07 10544412                   /home/daneshvar/.jdks/openjdk-16/lib/libverify.so
7f48e5028000-7f48e5029000 rw-p 0000e000 08:07 10544412                   /home/daneshvar/.jdks/openjdk-16/lib/libverify.so
7f48e5029000-7f48e5087000 r-xp 00000000 08:07 10544371                   /home/daneshvar/.jdks/openjdk-16/lib/libawt_xawt.so
7f48e5087000-7f48e5088000 ---p 0005e000 08:07 10544371                   /home/daneshvar/.jdks/openjdk-16/lib/libawt_xawt.so
7f48e5088000-7f48e5089000 r--p 0005e000 08:07 10544371                   /home/daneshvar/.jdks/openjdk-16/lib/libawt_xawt.so
7f48e5089000-7f48e508b000 rw-p 0005f000 08:07 10544371                   /home/daneshvar/.jdks/openjdk-16/lib/libawt_xawt.so
7f48e508b000-7f48e508d000 rw-p 00000000 00:00 0 
7f48e508d000-7f48e50a2000 r-xp 00000000 08:07 10544404                   /home/daneshvar/.jdks/openjdk-16/lib/libnet.so
7f48e50a2000-7f48e50a3000 r--p 00014000 08:07 10544404                   /home/daneshvar/.jdks/openjdk-16/lib/libnet.so
7f48e50a3000-7f48e50a4000 rw-p 00015000 08:07 10544404                   /home/daneshvar/.jdks/openjdk-16/lib/libnet.so
7f48e50a4000-7f48e50b7000 r-xp 00000000 08:07 10544405                   /home/daneshvar/.jdks/openjdk-16/lib/libnio.so
7f48e50b7000-7f48e50b8000 r--p 00012000 08:07 10544405                   /home/daneshvar/.jdks/openjdk-16/lib/libnio.so
7f48e50b8000-7f48e50b9000 rw-p 00013000 08:07 10544405                   /home/daneshvar/.jdks/openjdk-16/lib/libnio.so
7f48e50b9000-7f48e50ba000 ---p 00000000 00:00 0 
7f48e50ba000-7f48e52d8000 rw-p 00000000 00:00 0 
7f48e52d8000-7f48e52d9000 ---p 00000000 00:00 0 
7f48e52d9000-7f48e53da000 rw-p 00000000 00:00 0 
7f48e53da000-7f48e53db000 ---p 00000000 00:00 0 
7f48e53db000-7f48e7ce4000 rw-p 00000000 00:00 0 
7f48e7ce4000-7f48e7ce5000 ---p 00000000 00:00 0 
7f48e7ce5000-7f48e7de6000 rw-p 00000000 00:00 0 
7f48e7de6000-7f48e7de7000 ---p 00000000 00:00 0 
7f48e7de7000-7f48e7ee8000 rw-p 00000000 00:00 0 
7f48e7ee8000-7f48e7ee9000 ---p 00000000 00:00 0 
7f48e7ee9000-7f48e8453000 rw-p 00000000 00:00 0 
7f48e8453000-7f48ebe73000 ---p 00000000 00:00 0 
7f48ebe73000-7f48ec26b000 rw-p 00000000 00:00 0 
7f48ec26b000-7f48efc8b000 ---p 00000000 00:00 0 
7f48efc8b000-7f48efd18000 rw-p 00000000 00:00 0 
7f48efd18000-7f48f045c000 ---p 00000000 00:00 0 
7f48f045c000-7f48f04db000 rw-p 00000000 00:00 0 
7f48f04db000-7f48f0c1f000 ---p 00000000 00:00 0 
7f48f0c1f000-7f48f0c9e000 rw-p 00000000 00:00 0 
7f48f0c9e000-7f48f13e2000 ---p 00000000 00:00 0 
7f48f13e2000-7f48f17e8000 rw-p 00000000 00:00 0 
7f48f17e8000-7f48f1a58000 rwxp 00000000 00:00 0 
7f48f1a58000-7f48f1d7a000 ---p 00000000 00:00 0 
7f48f1d7a000-7f48f1fea000 rwxp 00000000 00:00 0 
7f48f1fea000-7f48f92b1000 ---p 00000000 00:00 0 
7f48f92b1000-7f48f9521000 rwxp 00000000 00:00 0 
7f48f9521000-7f49007e8000 ---p 00000000 00:00 0 
7f49007e8000-7f4908000000 r--s 00000000 08:07 10544423                   /home/daneshvar/.jdks/openjdk-16/lib/modules
7f4908000000-7f4908636000 rw-p 00000000 00:00 0 
7f4908636000-7f490c000000 ---p 00000000 00:00 0 
7f490c000000-7f490c001000 r--s 00000000 08:06 1179865                    /var/cache/fontconfig/b457a9aa-e4c7-43d7-b6f3-9fe79a881153-le64.cache-7
7f490c001000-7f490c003000 r--p 00000000 08:06 1712152                    /usr/lib/x86_64-linux-gnu/libXi.so.6.1.0
7f490c003000-7f490c00e000 r-xp 00002000 08:06 1712152                    /usr/lib/x86_64-linux-gnu/libXi.so.6.1.0
7f490c00e000-7f490c011000 r--p 0000d000 08:06 1712152                    /usr/lib/x86_64-linux-gnu/libXi.so.6.1.0
7f490c011000-7f490c012000 r--p 0000f000 08:06 1712152                    /usr/lib/x86_64-linux-gnu/libXi.so.6.1.0
7f490c012000-7f490c013000 rw-p 00010000 08:06 1712152                    /usr/lib/x86_64-linux-gnu/libXi.so.6.1.0
7f490c013000-7f490c41c000 rw-p 00000000 00:00 0 
7f490c41c000-7f490c502000 ---p 00000000 00:00 0 
7f490c502000-7f490c507000 rw-p 00000000 00:00 0 
7f490c507000-7f490c5ed000 ---p 00000000 00:00 0 
7f490c5ed000-7f490c5f0000 r--p 00000000 08:06 1713061                    /usr/lib/x86_64-linux-gnu/libnss_files-2.31.so
7f490c5f0000-7f490c5f7000 r-xp 00003000 08:06 1713061                    /usr/lib/x86_64-linux-gnu/libnss_files-2.31.so
7f490c5f7000-7f490c5f9000 r--p 0000a000 08:06 1713061                    /usr/lib/x86_64-linux-gnu/libnss_files-2.31.so
7f490c5f9000-7f490c5fa000 r--p 0000b000 08:06 1713061                    /usr/lib/x86_64-linux-gnu/libnss_files-2.31.so
7f490c5fa000-7f490c5fb000 rw-p 0000c000 08:06 1713061                    /usr/lib/x86_64-linux-gnu/libnss_files-2.31.so
7f490c5fb000-7f490c601000 rw-p 00000000 00:00 0 
7f490c601000-7f490c602000 r--s 00000000 08:06 1190644                    /var/cache/fontconfig/b46e33a0-700d-4826-8872-a8a11ec27040-le64.cache-7
7f490c602000-7f490c604000 r--s 00000000 08:07 10504294                   /home/daneshvar/.cache/fontconfig/d27d8ea5-033e-476d-8985-3f2d4d98dee1-le64.cache-7
7f490c604000-7f490c605000 r--s 00000000 00:38 113                        /run/user/1000/dconf/user
7f490c605000-7f490c60c000 r-xp 00000000 08:07 10544414                   /home/daneshvar/.jdks/openjdk-16/lib/libzip.so
7f490c60c000-7f490c60d000 ---p 00007000 08:07 10544414                   /home/daneshvar/.jdks/openjdk-16/lib/libzip.so
7f490c60d000-7f490c60e000 r--p 00007000 08:07 10544414                   /home/daneshvar/.jdks/openjdk-16/lib/libzip.so
7f490c60e000-7f490c60f000 rw-p 00008000 08:07 10544414                   /home/daneshvar/.jdks/openjdk-16/lib/libzip.so
7f490c60f000-7f490c614000 rw-p 00000000 00:00 0 
7f490c614000-7f490c61b000 ---p 00000000 00:00 0 
7f490c61b000-7f490c63f000 r-xp 00000000 08:07 10544385                   /home/daneshvar/.jdks/openjdk-16/lib/libjava.so
7f490c63f000-7f490c640000 ---p 00024000 08:07 10544385                   /home/daneshvar/.jdks/openjdk-16/lib/libjava.so
7f490c640000-7f490c641000 r--p 00024000 08:07 10544385                   /home/daneshvar/.jdks/openjdk-16/lib/libjava.so
7f490c641000-7f490c642000 rw-p 00025000 08:07 10544385                   /home/daneshvar/.jdks/openjdk-16/lib/libjava.so
7f490c642000-7f490c643000 rw-p 00000000 00:00 0 
7f490c643000-7f490c65e000 r-xp 00000000 08:07 10544392                   /home/daneshvar/.jdks/openjdk-16/lib/libjimage.so
7f490c65e000-7f490c65f000 ---p 0001b000 08:07 10544392                   /home/daneshvar/.jdks/openjdk-16/lib/libjimage.so
7f490c65f000-7f490c661000 r--p 0001b000 08:07 10544392                   /home/daneshvar/.jdks/openjdk-16/lib/libjimage.so
7f490c661000-7f490c662000 rw-p 0001d000 08:07 10544392                   /home/daneshvar/.jdks/openjdk-16/lib/libjimage.so
7f490c662000-7f490c665000 r--p 00000000 08:06 1713263                    /usr/lib/x86_64-linux-gnu/librt-2.31.so
7f490c665000-7f490c669000 r-xp 00003000 08:06 1713263                    /usr/lib/x86_64-linux-gnu/librt-2.31.so
7f490c669000-7f490c66a000 r--p 00007000 08:06 1713263                    /usr/lib/x86_64-linux-gnu/librt-2.31.so
7f490c66a000-7f490c66b000 ---p 00008000 08:06 1713263                    /usr/lib/x86_64-linux-gnu/librt-2.31.so
7f490c66b000-7f490c66c000 r--p 00008000 08:06 1713263                    /usr/lib/x86_64-linux-gnu/librt-2.31.so
7f490c66c000-7f490c66d000 rw-p 00009000 08:06 1713263                    /usr/lib/x86_64-linux-gnu/librt-2.31.so
7f490c66d000-7f490c671000 ---p 00000000 00:00 0 
7f490c671000-7f490c76e000 rw-p 00000000 00:00 0 
7f490c76e000-7f490c77d000 r--p 00000000 08:06 1712940                    /usr/lib/x86_64-linux-gnu/libm-2.31.so
7f490c77d000-7f490c824000 r-xp 0000f000 08:06 1712940                    /usr/lib/x86_64-linux-gnu/libm-2.31.so
7f490c824000-7f490c8bb000 r--p 000b6000 08:06 1712940                    /usr/lib/x86_64-linux-gnu/libm-2.31.so
7f490c8bb000-7f490c8bc000 r--p 0014c000 08:06 1712940                    /usr/lib/x86_64-linux-gnu/libm-2.31.so
7f490c8bc000-7f490c8bd000 rw-p 0014d000 08:06 1712940                    /usr/lib/x86_64-linux-gnu/libm-2.31.so
7f490c8bd000-7f490d9cb000 r-xp 00000000 08:07 10544438                   /home/daneshvar/.jdks/openjdk-16/lib/server/libjvm.so
7f490d9cb000-7f490d9cc000 ---p 0110e000 08:07 10544438                   /home/daneshvar/.jdks/openjdk-16/lib/server/libjvm.so
7f490d9cc000-7f490da7d000 r--p 0110e000 08:07 10544438                   /home/daneshvar/.jdks/openjdk-16/lib/server/libjvm.so
7f490da7d000-7f490dab0000 rw-p 011bf000 08:07 10544438                   /home/daneshvar/.jdks/openjdk-16/lib/server/libjvm.so
7f490dab0000-7f490db0d000 rw-p 00000000 00:00 0 
7f490db0d000-7f490db32000 r--p 00000000 08:06 1712300                    /usr/lib/x86_64-linux-gnu/libc-2.31.so
7f490db32000-7f490dcaa000 r-xp 00025000 08:06 1712300                    /usr/lib/x86_64-linux-gnu/libc-2.31.so
7f490dcaa000-7f490dcf4000 r--p 0019d000 08:06 1712300                    /usr/lib/x86_64-linux-gnu/libc-2.31.so
7f490dcf4000-7f490dcf5000 ---p 001e7000 08:06 1712300                    /usr/lib/x86_64-linux-gnu/libc-2.31.so
7f490dcf5000-7f490dcf8000 r--p 001e7000 08:06 1712300                    /usr/lib/x86_64-linux-gnu/libc-2.31.so
7f490dcf8000-7f490dcfb000 rw-p 001ea000 08:06 1712300                    /usr/lib/x86_64-linux-gnu/libc-2.31.so
7f490dcfb000-7f490dcff000 rw-p 00000000 00:00 0 
7f490dcff000-7f490dd00000 r--p 00000000 08:06 1712435                    /usr/lib/x86_64-linux-gnu/libdl-2.31.so
7f490dd00000-7f490dd02000 r-xp 00001000 08:06 1712435                    /usr/lib/x86_64-linux-gnu/libdl-2.31.so
7f490dd02000-7f490dd03000 r--p 00003000 08:06 1712435                    /usr/lib/x86_64-linux-gnu/libdl-2.31.so
7f490dd03000-7f490dd04000 r--p 00003000 08:06 1712435                    /usr/lib/x86_64-linux-gnu/libdl-2.31.so
7f490dd04000-7f490dd05000 rw-p 00004000 08:06 1712435                    /usr/lib/x86_64-linux-gnu/libdl-2.31.so
7f490dd05000-7f490dd0c000 r--p 00000000 08:06 1713202                    /usr/lib/x86_64-linux-gnu/libpthread-2.31.so
7f490dd0c000-7f490dd1d000 r-xp 00007000 08:06 1713202                    /usr/lib/x86_64-linux-gnu/libpthread-2.31.so
7f490dd1d000-7f490dd22000 r--p 00018000 08:06 1713202                    /usr/lib/x86_64-linux-gnu/libpthread-2.31.so
7f490dd22000-7f490dd23000 r--p 0001c000 08:06 1713202                    /usr/lib/x86_64-linux-gnu/libpthread-2.31.so
7f490dd23000-7f490dd24000 rw-p 0001d000 08:06 1713202                    /usr/lib/x86_64-linux-gnu/libpthread-2.31.so
7f490dd24000-7f490dd28000 rw-p 00000000 00:00 0 
7f490dd28000-7f490dd37000 r-xp 00000000 08:07 10544393                   /home/daneshvar/.jdks/openjdk-16/lib/libjli.so
7f490dd37000-7f490dd38000 r--p 0000e000 08:07 10544393                   /home/daneshvar/.jdks/openjdk-16/lib/libjli.so
7f490dd38000-7f490dd39000 rw-p 0000f000 08:07 10544393                   /home/daneshvar/.jdks/openjdk-16/lib/libjli.so
7f490dd39000-7f490dd3b000 r--p 00000000 08:06 1713616                    /usr/lib/x86_64-linux-gnu/libz.so.1.2.11
7f490dd3b000-7f490dd4c000 r-xp 00002000 08:06 1713616                    /usr/lib/x86_64-linux-gnu/libz.so.1.2.11
7f490dd4c000-7f490dd52000 r--p 00013000 08:06 1713616                    /usr/lib/x86_64-linux-gnu/libz.so.1.2.11
7f490dd52000-7f490dd53000 ---p 00019000 08:06 1713616                    /usr/lib/x86_64-linux-gnu/libz.so.1.2.11
7f490dd53000-7f490dd54000 r--p 00019000 08:06 1713616                    /usr/lib/x86_64-linux-gnu/libz.so.1.2.11
7f490dd54000-7f490dd55000 rw-p 0001a000 08:06 1713616                    /usr/lib/x86_64-linux-gnu/libz.so.1.2.11
7f490dd55000-7f490dd57000 rw-p 00000000 00:00 0 
7f490dd57000-7f490dd59000 r-xp 00000000 08:07 10544373                   /home/daneshvar/.jdks/openjdk-16/lib/libextnet.so
7f490dd59000-7f490dd5a000 r--p 00001000 08:07 10544373                   /home/daneshvar/.jdks/openjdk-16/lib/libextnet.so
7f490dd5a000-7f490dd5b000 rw-p 00002000 08:07 10544373                   /home/daneshvar/.jdks/openjdk-16/lib/libextnet.so
7f490dd5b000-7f490dd63000 rw-s 00000000 08:06 2494162                    /tmp/hsperfdata_daneshvar/8369
7f490dd63000-7f490dd6d000 r-xp 00000000 08:07 10544378                   /home/daneshvar/.jdks/openjdk-16/lib/libinstrument.so
7f490dd6d000-7f490dd6e000 r--p 00009000 08:07 10544378                   /home/daneshvar/.jdks/openjdk-16/lib/libinstrument.so
7f490dd6e000-7f490dd6f000 rw-p 0000a000 08:07 10544378                   /home/daneshvar/.jdks/openjdk-16/lib/libinstrument.so
7f490dd6f000-7f490dd70000 ---p 00000000 00:00 0 
7f490dd70000-7f490dd71000 r--p 00000000 00:00 0 
7f490dd71000-7f490dd72000 r--p 00000000 08:06 1712086                    /usr/lib/x86_64-linux-gnu/ld-2.31.so
7f490dd72000-7f490dd95000 r-xp 00001000 08:06 1712086                    /usr/lib/x86_64-linux-gnu/ld-2.31.so
7f490dd95000-7f490dd9d000 r--p 00024000 08:06 1712086                    /usr/lib/x86_64-linux-gnu/ld-2.31.so
7f490dd9d000-7f490dd9e000 ---p 00000000 00:00 0 
7f490dd9e000-7f490dd9f000 r--p 0002c000 08:06 1712086                    /usr/lib/x86_64-linux-gnu/ld-2.31.so
7f490dd9f000-7f490dda0000 rw-p 0002d000 08:06 1712086                    /usr/lib/x86_64-linux-gnu/ld-2.31.so
7f490dda0000-7f490dda1000 rw-p 00000000 00:00 0 
7ffcf6335000-7ffcf6356000 rw-p 00000000 00:00 0                          [stack]
7ffcf6365000-7ffcf6369000 r--p 00000000 00:00 0                          [vvar]
7ffcf6369000-7ffcf636b000 r-xp 00000000 00:00 0                          [vdso]
ffffffffff600000-ffffffffff601000 --xp 00000000 00:00 0                  [vsyscall]


VM Arguments:
jvm_args: -javaagent:/home/daneshvar/idea-IC-211.6693.111/lib/idea_rt.jar=36859:/home/daneshvar/idea-IC-211.6693.111/bin -Dfile.encoding=UTF-8 
java_command: org.antlr.v4.gui.TestRig main.grammar.Jepeto program -gui test.txt
java_class_path (initial): /home/daneshvar/Desktop/PLC/Project/Jepeto/out/production/Phase1:/home/daneshvar/Desktop/PLC/Project/Jepeto/antlr-4.9.2-complete.jar
Launcher Type: SUN_STANDARD

[Global flags]
     intx CICompilerCount                          = 4                                         {product} {ergonomic}
     uint ConcGCThreads                            = 2                                         {product} {ergonomic}
     uint G1ConcRefinementThreads                  = 8                                         {product} {ergonomic}
   size_t G1HeapRegionSize                         = 2097152                                   {product} {ergonomic}
    uintx GCDrainStackTargetSize                   = 64                                        {product} {ergonomic}
   size_t InitialHeapSize                          = 262144000                                 {product} {ergonomic}
   size_t MarkStackSize                            = 4194304                                   {product} {ergonomic}
   size_t MaxHeapSize                              = 4167041024                                {product} {ergonomic}
   size_t MaxNewSize                               = 2499805184                                {product} {ergonomic}
   size_t MinHeapDeltaBytes                        = 2097152                                   {product} {ergonomic}
   size_t MinHeapSize                              = 8388608                                   {product} {ergonomic}
    uintx NonNMethodCodeHeapSize                   = 5839372                                {pd product} {ergonomic}
    uintx NonProfiledCodeHeapSize                  = 122909434                              {pd product} {ergonomic}
    uintx ProfiledCodeHeapSize                     = 122909434                              {pd product} {ergonomic}
    uintx ReservedCodeCacheSize                    = 251658240                              {pd product} {ergonomic}
     bool SegmentedCodeCache                       = true                                      {product} {ergonomic}
   size_t SoftMaxHeapSize                          = 4167041024                             {manageable} {ergonomic}
     bool UseCompressedClassPointers               = true                           {product lp64_product} {ergonomic}
     bool UseCompressedOops                        = true                           {product lp64_product} {ergonomic}
     bool UseG1GC                                  = true                                      {product} {ergonomic}

Logging:
Log output configuration:
 #0: stdout all=warning uptime,level,tags
 #1: stderr all=off uptime,level,tags

Environment Variables:
PATH=/home/daneshvar/anaconda3/bin:/home/daneshvar/anaconda3/condabin:/usr/local/sbin:/usr/local/bin:/usr/sbin:/usr/bin:/sbin:/bin:/usr/games:/usr/local/games:/snap/bin
USERNAME=daneshvar
SHELL=/bin/bash
DISPLAY=:0
LANG=en_US.UTF-8

Signal Handlers:
SIGSEGV: [libjvm.so+0xdfec40], sa_mask[0]=11100100010111111101111111111110, sa_flags=SA_RESTART|SA_SIGINFO
SIGBUS: [libjvm.so+0xdfec40], sa_mask[0]=11100100010111111101111111111110, sa_flags=SA_RESTART|SA_SIGINFO
SIGFPE: [libjvm.so+0xdfec40], sa_mask[0]=11100100010111111101111111111110, sa_flags=SA_RESTART|SA_SIGINFO
SIGPIPE: SIG_IGN, sa_mask[0]=00000000000010000000000000000000, sa_flags=SA_RESTART
SIGXFSZ: [libjvm.so+0xca8830], sa_mask[0]=11100100010111111101111111111110, sa_flags=SA_RESTART|SA_SIGINFO
SIGILL: [libjvm.so+0xdfec40], sa_mask[0]=11100100010111111101111111111110, sa_flags=SA_RESTART|SA_SIGINFO
SIGUSR2: [libjvm.so+0xca7f20], sa_mask[0]=00100000000000000000000000000000, sa_flags=SA_RESTART|SA_SIGINFO
SIGHUP: [libjvm.so+0xca7e50], sa_mask[0]=11100100010111111101111111111110, sa_flags=SA_RESTART|SA_SIGINFO
SIGINT: [libjvm.so+0xca7e50], sa_mask[0]=11100100010111111101111111111110, sa_flags=SA_RESTART|SA_SIGINFO
SIGTERM: [libjvm.so+0xca7e50], sa_mask[0]=11100100010111111101111111111110, sa_flags=SA_RESTART|SA_SIGINFO
SIGQUIT: [libjvm.so+0xca7e50], sa_mask[0]=11100100010111111101111111111110, sa_flags=SA_RESTART|SA_SIGINFO
SIGTRAP: [libjvm.so+0xdfec40], sa_mask[0]=11100100010111111101111111111110, sa_flags=SA_RESTART|SA_SIGINFO


---------------  S Y S T E M  ---------------

OS:
DISTRIB_ID=Ubuntu
DISTRIB_RELEASE=20.04
DISTRIB_CODENAME=focal
DISTRIB_DESCRIPTION="Ubuntu 20.04.2 LTS"
uname: Linux 5.8.0-48-generic #54~20.04.1-Ubuntu SMP Sat Mar 20 13:40:25 UTC 2021 x86_64
OS uptime: 0 days 0:49 hours
libc: glibc 2.31 NPTL 2.31 
rlimit (soft/hard): STACK 8192k/infinity , CORE 0k/infinity , NPROC 63334/63334 , NOFILE 1048576/1048576 , AS infinity/infinity , CPU infinity/infinity , DATA infinity/infinity , FSIZE infinity/infinity , MEMLOCK 65536k/65536k
load average: 2.68 2.96 2.76

/proc/meminfo:
MemTotal:       16272764 kB
MemFree:         5905424 kB
MemAvailable:   10447352 kB
Buffers:          215644 kB
Cached:          5214640 kB
SwapCached:            0 kB
Active:          6469348 kB
Inactive:        2656688 kB
Active(anon):    4284168 kB
Inactive(anon):   217780 kB
Active(file):    2185180 kB
Inactive(file):  2438908 kB
Unevictable:      585356 kB
Mlocked:             660 kB
SwapTotal:      25391100 kB
SwapFree:       25391100 kB
Dirty:              5364 kB
Writeback:             0 kB
AnonPages:       4281372 kB
Mapped:          1618576 kB
Shmem:            809332 kB
KReclaimable:     258948 kB
Slab:             445504 kB
SReclaimable:     258948 kB
SUnreclaim:       186556 kB
KernelStack:       18768 kB
PageTables:        49820 kB
NFS_Unstable:          0 kB
Bounce:                0 kB
WritebackTmp:          0 kB
CommitLimit:    33527480 kB
Committed_AS:   14219792 kB
VmallocTotal:   34359738367 kB
VmallocUsed:       50260 kB
VmallocChunk:          0 kB
Percpu:             6944 kB
HardwareCorrupted:     0 kB
AnonHugePages:         0 kB
ShmemHugePages:        0 kB
ShmemPmdMapped:        0 kB
FileHugePages:         0 kB
FilePmdMapped:         0 kB
HugePages_Total:       0
HugePages_Free:        0
HugePages_Rsvd:        0
HugePages_Surp:        0
Hugepagesize:       2048 kB
Hugetlb:               0 kB
DirectMap4k:      421140 kB
DirectMap2M:    10989568 kB
DirectMap1G:     5242880 kB

/sys/kernel/mm/transparent_hugepage/enabled: always [madvise] never
/sys/kernel/mm/transparent_hugepage/defrag (defrag/compaction efforts parameter): always defer defer+madvise [madvise] never

Process Memory:
Virtual Size: 7858936K (peak: 7922008K)
Resident Set Size: 153012K (peak: 153012K) (anon: 115880K, file: 37128K, shmem: 4K)
Swapped out: 0K
C-Heap outstanding allocations: 58617K

/proc/sys/kernel/threads-max (system-wide limit on the number of threads): 126669
/proc/sys/vm/max_map_count (maximum number of memory map areas a process may have): 65530
/proc/sys/kernel/pid_max (system-wide limit on number of process identifiers): 4194304

container (cgroup) information:
container_type: cgroupv1
cpu_cpuset_cpus: 0-7
cpu_memory_nodes: 0
active_processor_count: 8
cpu_quota: no quota
cpu_period: 100000
cpu_shares: no shares
memory_limit_in_bytes: unlimited
memory_and_swap_limit_in_bytes: unlimited
memory_soft_limit_in_bytes: unlimited
memory_usage_in_bytes: 8759640064
memory_max_usage_in_bytes: 9080229888

Steal ticks since vm start: 0
Steal ticks percentage since vm start:  0.000

CPU: total 8 (initial active 8) (4 cores per cpu, 2 threads per core) family 6 model 142 stepping 10 microcode 0xe0, cx8, cmov, fxsr, ht, mmx, 3dnowpref, sse, sse2, sse3, ssse3, sse4.1, sse4.2, popcnt, lzcnt, tsc, tscinvbit, avx, avx2, aes, erms, clmul, bmi1, bmi2, adx, fma, vzeroupper, clflush, clflushopt
CPU Model and flags from /proc/cpuinfo:
model name	: Intel(R) Core(TM) i7-8550U CPU @ 1.80GHz
flags		: fpu vme de pse tsc msr pae mce cx8 apic sep mtrr pge mca cmov pat pse36 clflush dts acpi mmx fxsr sse sse2 ss ht tm pbe syscall nx pdpe1gb rdtscp lm constant_tsc art arch_perfmon pebs bts rep_good nopl xtopology nonstop_tsc cpuid aperfmperf pni pclmulqdq dtes64 monitor ds_cpl vmx est tm2 ssse3 sdbg fma cx16 xtpr pdcm pcid sse4_1 sse4_2 x2apic movbe popcnt tsc_deadline_timer aes xsave avx f16c rdrand lahf_lm abm 3dnowprefetch cpuid_fault epb invpcid_single pti ssbd ibrs ibpb stibp tpr_shadow vnmi flexpriority ept vpid ept_ad fsgsbase tsc_adjust bmi1 avx2 smep bmi2 erms invpcid mpx rdseed adx smap clflushopt intel_pt xsaveopt xsavec xgetbv1 xsaves dtherm ida arat pln pts hwp hwp_notify hwp_act_window hwp_epp md_clear flush_l1d

Online cpus: 0-7
Offline cpus: 
BIOS frequency limitation: <Not Available>
Frequency switch latency (ns): 0
Available cpu frequencies: <Not Available>
Current governor: powersave
Core performance/turbo boost: <Not Available>

Memory: 4k page, physical 16272764k(5905424k free), swap 25391100k(25391100k free)

vm_info: OpenJDK 64-Bit Server VM (16+36-2231) for linux-amd64 JRE (16+36-2231), built on Feb  8 2021 11:30:17 by "mach5one" with gcc 10.2.0

END.
